{
  "platform": "mac.binary",
  "timestamp": "2025-06-23 08:49:01",
  "packages": {
    "ahead": {
      "package": "ahead",
      "status": "SUCCESS",
      "error_message": {},
      "build_output": "* installing to library ‘/Users/runner/work/_temp/Library’\n* installing *source* package ‘ahead’ ...\n** this is package ‘ahead’ version ‘0.21.1’\n** using staged installation\n** libs\nusing C++ compiler: ‘Apple clang version 15.0.0 (clang-1500.3.9.4)’\nusing SDK: ‘’\nclang++ -arch arm64 -std=gnu++17 -I\"/Library/Frameworks/R.framework/Resources/include\" -DNDEBUG  -I'/Users/runner/work/_temp/Library/Rcpp/include' -I/opt/R/arm64/include    -fPIC  -falign-functions=64 -Wall -g -O2   -c RcppExports.cpp -o RcppExports.o\nclang++ -arch arm64 -std=gnu++17 -I\"/Library/Frameworks/R.framework/Resources/include\" -DNDEBUG  -I'/Users/runner/work/_temp/Library/Rcpp/include' -I/opt/R/arm64/include    -fPIC  -falign-functions=64 -Wall -g -O2   -c compute_attention.cpp -o compute_attention.o\nclang++ -arch arm64 -std=gnu++17 -I\"/Library/Frameworks/R.framework/Resources/include\" -DNDEBUG  -I'/Users/runner/work/_temp/Library/Rcpp/include' -I/opt/R/arm64/include    -fPIC  -falign-functions=64 -Wall -g -O2   -c embedc.cpp -o embedc.o\nclang++ -arch arm64 -std=gnu++17 -I\"/Library/Frameworks/R.framework/Resources/include\" -DNDEBUG  -I'/Users/runner/work/_temp/Library/Rcpp/include' -I/opt/R/arm64/include    -fPIC  -falign-functions=64 -Wall -g -O2   -c ml_forecast.cpp -o ml_forecast.o\nclang++ -arch arm64 -std=gnu++17 -I\"/Library/Frameworks/R.framework/Resources/include\" -DNDEBUG  -I'/Users/runner/work/_temp/Library/Rcpp/include' -I/opt/R/arm64/include    -fPIC  -falign-functions=64 -Wall -g -O2   -c utils_armagarch.cpp -o utils_armagarch.o\nclang++ -arch arm64 -std=gnu++17 -I\"/Library/Frameworks/R.framework/Resources/include\" -DNDEBUG  -I'/Users/runner/work/_temp/Library/Rcpp/include' -I/opt/R/arm64/include    -fPIC  -falign-functions=64 -Wall -g -O2   -c utils_matrix.cpp -o utils_matrix.o\nclang++ -arch arm64 -std=gnu++17 -dynamiclib -Wl,-headerpad_max_install_names -undefined dynamic_lookup -L/Library/Frameworks/R.framework/Resources/lib -L/opt/R/arm64/lib -o ahead.so RcppExports.o compute_attention.o embedc.o ml_forecast.o utils_armagarch.o utils_matrix.o -F/Library/Frameworks/R.framework/.. -framework R\ninstalling to /Users/runner/work/_temp/Library/00LOCK-ahead/00new/ahead/libs\n** R\n** byte-compile and prepare package for lazy loading\n** help\n*** installing help indices\n** building package indices\n** installing vignettes\n** testing if installed package can be loaded from temporary location\n** checking absolute paths in shared objects and dynamic libraries\n** testing if installed package can be loaded from final location\n** testing if installed package keeps a record of temporary installation path\n* creating tarball\npackaged installation of ‘ahead’ as ‘ahead_0.21.1.tgz’\n* DONE (ahead)",
      "build_time": "2025-06-23 08:49:01"
    },
    "bayesianrvfl": {
      "package": "bayesianrvfl",
      "status": "FAILED",
      "error_message": "No binary package found after build",
      "build_output": "* installing to library ‘/Users/runner/work/_temp/Library’\nERROR: dependency ‘mlbench’ is not available for package ‘bayesianrvfl’\nPerhaps try a variation of:\ninstall.packages('mlbench')\n* removing ‘/Users/runner/work/_temp/Library/bayesianrvfl’",
      "build_time": "2025-06-23 08:49:17"
    },
    "bcn": {
      "package": "bcn",
      "status": "SUCCESS",
      "error_message": {},
      "build_output": "* installing to library ‘/Users/runner/work/_temp/Library’\n* installing *source* package ‘bcn’ ...\n** this is package ‘bcn’ version ‘0.7.0’\n** using staged installation\n** libs\nusing C++ compiler: ‘Apple clang version 15.0.0 (clang-1500.3.9.4)’\nusing SDK: ‘’\nclang++ -arch arm64 -std=gnu++17 -I\"/Library/Frameworks/R.framework/Resources/include\" -DNDEBUG  -I'/Users/runner/work/_temp/Library/Rcpp/include' -I/opt/R/arm64/include    -fPIC  -falign-functions=64 -Wall -g -O2   -c RcppExports.cpp -o RcppExports.o\nclang++ -arch arm64 -std=gnu++17 -I\"/Library/Frameworks/R.framework/Resources/include\" -DNDEBUG  -I'/Users/runner/work/_temp/Library/Rcpp/include' -I/opt/R/arm64/include    -fPIC  -falign-functions=64 -Wall -g -O2   -c bcn.cpp -o bcn.o\nbcn.cpp:135:1: warning: non-void function does not return a value in all control paths [-Wreturn-type]\n}\n^\n1 warning generated.\nclang++ -arch arm64 -std=gnu++17 -I\"/Library/Frameworks/R.framework/Resources/include\" -DNDEBUG  -I'/Users/runner/work/_temp/Library/Rcpp/include' -I/opt/R/arm64/include    -fPIC  -falign-functions=64 -Wall -g -O2   -c rcpp_hello_world.cpp -o rcpp_hello_world.o\nclang++ -arch arm64 -std=gnu++17 -dynamiclib -Wl,-headerpad_max_install_names -undefined dynamic_lookup -L/Library/Frameworks/R.framework/Resources/lib -L/opt/R/arm64/lib -o bcn.so RcppExports.o bcn.o rcpp_hello_world.o -F/Library/Frameworks/R.framework/.. -framework R\ninstalling to /Users/runner/work/_temp/Library/00LOCK-bcn/00new/bcn/libs\n** R\n** data\n*** moving datasets to lazyload DB\n** byte-compile and prepare package for lazy loading\n** help\n*** installing help indices\n** building package indices\n** installing vignettes\n** testing if installed package can be loaded from temporary location\n** checking absolute paths in shared objects and dynamic libraries\n** testing if installed package can be loaded from final location\n** testing if installed package keeps a record of temporary installation path\n* creating tarball\npackaged installation of ‘bcn’ as ‘bcn_0.7.0.tgz’\n* DONE (bcn)",
      "build_time": "2025-06-23 08:49:18"
    },
    "crossvalidation": {
      "package": "crossvalidation",
      "status": "SUCCESS",
      "error_message": {},
      "build_output": "* installing to library ‘/Users/runner/work/_temp/Library’\n* installing *source* package ‘crossvalidation’ ...\n** this is package ‘crossvalidation’ version ‘0.5.0’\n** using staged installation\n** R\n** byte-compile and prepare package for lazy loading\n** help\n*** installing help indices\n** building package indices\n** installing vignettes\n** testing if installed package can be loaded from temporary location\n** testing if installed package can be loaded from final location\n** testing if installed package keeps a record of temporary installation path\n* creating tarball\npackaged installation of ‘crossvalidation’ as ‘crossvalidation_0.5.0.tgz’\n* DONE (crossvalidation)",
      "build_time": "2025-06-23 08:49:24"
    },
    "esgtoolkit": {
      "package": "esgtoolkit",
      "status": "SUCCESS",
      "error_message": {},
      "build_output": "* installing to library ‘/Users/runner/work/_temp/Library’\n* installing *source* package ‘esgtoolkit’ ...\n** this is package ‘esgtoolkit’ version ‘1.3.0’\n** using staged installation\n** libs\nusing C++ compiler: ‘Apple clang version 15.0.0 (clang-1500.3.9.4)’\nusing SDK: ‘’\nclang++ -arch arm64 -std=gnu++17 -I\"/Library/Frameworks/R.framework/Resources/include\" -DNDEBUG  -I'/Users/runner/work/_temp/Library/Rcpp/include' -I/opt/R/arm64/include    -fPIC  -falign-functions=64 -Wall -g -O2   -c RcppExports.cpp -o RcppExports.o\nclang++ -arch arm64 -std=gnu++17 -I\"/Library/Frameworks/R.framework/Resources/include\" -DNDEBUG  -I'/Users/runner/work/_temp/Library/Rcpp/include' -I/opt/R/arm64/include    -fPIC  -falign-functions=64 -Wall -g -O2   -c esg2.cpp -o esg2.o\nclang++ -arch arm64 -std=gnu++17 -dynamiclib -Wl,-headerpad_max_install_names -undefined dynamic_lookup -L/Library/Frameworks/R.framework/Resources/lib -L/opt/R/arm64/lib -o esgtoolkit.so RcppExports.o esg2.o -F/Library/Frameworks/R.framework/.. -framework R\ninstalling to /Users/runner/work/_temp/Library/00LOCK-esgtoolkit/00new/esgtoolkit/libs\n** R\n** byte-compile and prepare package for lazy loading\n** help\n*** installing help indices\n** building package indices\n** installing vignettes\n** testing if installed package can be loaded from temporary location\n** checking absolute paths in shared objects and dynamic libraries\n** testing if installed package can be loaded from final location\n** testing if installed package keeps a record of temporary installation path\n* creating tarball\npackaged installation of ‘esgtoolkit’ as ‘esgtoolkit_1.3.0.tgz’\n* DONE (esgtoolkit)",
      "build_time": "2025-06-23 08:49:25"
    },
    "forecastingapi": {
      "package": "forecastingapi",
      "status": "SUCCESS",
      "error_message": {},
      "build_output": "* installing to library ‘/Users/runner/work/_temp/Library’\n* installing *source* package ‘forecastingapi’ ...\n** this is package ‘forecastingapi’ version ‘0.4.0’\n** using staged installation\n** R\n** byte-compile and prepare package for lazy loading\n** help\n*** installing help indices\n** building package indices\n** installing vignettes\n** testing if installed package can be loaded from temporary location\n** testing if installed package can be loaded from final location\n** testing if installed package keeps a record of temporary installation path\n* creating tarball\npackaged installation of ‘forecastingapi’ as ‘forecastingapi_0.4.0.tgz’\n* DONE (forecastingapi)",
      "build_time": "2025-06-23 08:49:34"
    },
    "learningmachine": {
      "package": "learningmachine",
      "status": "FAILED",
      "error_message": "No binary package found after build",
      "build_output": "* installing to library ‘/Users/runner/work/_temp/Library’\n* installing *source* package ‘learningmachine’ ...\n** this is package ‘learningmachine’ version ‘2.8.0’\n** using staged installation\n** libs\nusing C++ compiler: ‘Apple clang version 15.0.0 (clang-1500.3.9.4)’\nusing SDK: ‘’\nclang++ -arch arm64 -std=gnu++17 -I\"/Library/Frameworks/R.framework/Resources/include\" -DNDEBUG  -I'/Users/runner/work/_temp/Library/Rcpp/include' -I/opt/R/arm64/include    -fPIC  -falign-functions=64 -Wall -g -O2   -c RcppExports.cpp -o RcppExports.o\nclang++ -arch arm64 -std=gnu++17 -I\"/Library/Frameworks/R.framework/Resources/include\" -DNDEBUG  -I'/Users/runner/work/_temp/Library/Rcpp/include' -I/opt/R/arm64/include    -fPIC  -falign-functions=64 -Wall -g -O2   -c compute_probs.cpp -o compute_probs.o\nclang++ -arch arm64 -std=gnu++17 -I\"/Library/Frameworks/R.framework/Resources/include\" -DNDEBUG  -I'/Users/runner/work/_temp/Library/Rcpp/include' -I/opt/R/arm64/include    -fPIC  -falign-functions=64 -Wall -g -O2   -c matern32.cpp -o matern32.o\nclang++ -arch arm64 -std=gnu++17 -I\"/Library/Frameworks/R.framework/Resources/include\" -DNDEBUG  -I'/Users/runner/work/_temp/Library/Rcpp/include' -I/opt/R/arm64/include    -fPIC  -falign-functions=64 -Wall -g -O2   -c sampling.cpp -o sampling.o\nclang++ -arch arm64 -std=gnu++17 -I\"/Library/Frameworks/R.framework/Resources/include\" -DNDEBUG  -I'/Users/runner/work/_temp/Library/Rcpp/include' -I/opt/R/arm64/include    -fPIC  -falign-functions=64 -Wall -g -O2   -c utils_classification.cpp -o utils_classification.o\nclang++ -arch arm64 -std=gnu++17 -dynamiclib -Wl,-headerpad_max_install_names -undefined dynamic_lookup -L/Library/Frameworks/R.framework/Resources/lib -L/opt/R/arm64/lib -o learningmachine.so RcppExports.o compute_probs.o matern32.o sampling.o utils_classification.o -F/Library/Frameworks/R.framework/.. -framework R\ninstalling to /Users/runner/work/_temp/Library/00LOCK-learningmachine/00new/learningmachine/libs\n** R\n** byte-compile and prepare package for lazy loading\n** help\n*** installing help indices\n** building package indices\n** installing vignettes\n** testing if installed package can be loaded from temporary location\nUsing bundled GitHub PAT. Please add your own PAT using `gitcreds::gitcreds_set()`\nError: package or namespace load failed for ‘learningmachine’:\n .onLoad failed in loadNamespace() for 'learningmachine', details:\n  call: NULL\n  error: Failed to install 'unknown package' from GitHub:\n  HTTP error 401.\n  Bad credentials\n\n  Rate limit remaining: 57/60\n  Rate limit reset at: 2025-06-23 09:49:48 UTC\n\n  \nError: loading failed\nExecution halted\nERROR: loading failed\n* removing ‘/Users/runner/work/_temp/Library/learningmachine’",
      "build_time": "2025-06-23 08:49:34"
    },
    "matern32": {
      "package": "matern32",
      "status": "SUCCESS",
      "error_message": {},
      "build_output": "* installing to library ‘/Users/runner/work/_temp/Library’\n* installing *source* package ‘matern32’ ...\n** this is package ‘matern32’ version ‘0.2.0’\n** using staged installation\n** libs\nusing C++ compiler: ‘Apple clang version 15.0.0 (clang-1500.3.9.4)’\nusing SDK: ‘’\nclang++ -arch arm64 -std=gnu++17 -I\"/Library/Frameworks/R.framework/Resources/include\" -DNDEBUG  -I'/Users/runner/work/_temp/Library/Rcpp/include' -I/opt/R/arm64/include    -fPIC  -falign-functions=64 -Wall -g -O2   -c RcppExports.cpp -o RcppExports.o\nclang++ -arch arm64 -std=gnu++17 -I\"/Library/Frameworks/R.framework/Resources/include\" -DNDEBUG  -I'/Users/runner/work/_temp/Library/Rcpp/include' -I/opt/R/arm64/include    -fPIC  -falign-functions=64 -Wall -g -O2   -c matern32.cpp -o matern32.o\nclang++ -arch arm64 -std=gnu++17 -dynamiclib -Wl,-headerpad_max_install_names -undefined dynamic_lookup -L/Library/Frameworks/R.framework/Resources/lib -L/opt/R/arm64/lib -o matern32.so RcppExports.o matern32.o -F/Library/Frameworks/R.framework/.. -framework R\ninstalling to /Users/runner/work/_temp/Library/00LOCK-matern32/00new/matern32/libs\n** R\n** byte-compile and prepare package for lazy loading\n** help\n*** installing help indices\n** building package indices\n** installing vignettes\n** testing if installed package can be loaded from temporary location\n** checking absolute paths in shared objects and dynamic libraries\n** testing if installed package can be loaded from final location\n** testing if installed package keeps a record of temporary installation path\n* creating tarball\npackaged installation of ‘matern32’ as ‘matern32_0.2.0.tgz’\n* DONE (matern32)",
      "build_time": "2025-06-23 08:49:49"
    },
    "misc": {
      "package": "misc",
      "status": "SUCCESS",
      "error_message": {},
      "build_output": "* installing to library ‘/Users/runner/work/_temp/Library’\n* installing *source* package ‘misc’ ...\n** this is package ‘misc’ version ‘0.5.1’\n** using staged installation\n** R\n** byte-compile and prepare package for lazy loading\n** help\n*** installing help indices\n** building package indices\n** installing vignettes\n** testing if installed package can be loaded from temporary location\n** testing if installed package can be loaded from final location\n** testing if installed package keeps a record of temporary installation path\n* creating tarball\npackaged installation of ‘misc’ as ‘misc_0.5.1.tgz’\n* DONE (misc)",
      "build_time": "2025-06-23 08:49:54"
    },
    "mlsauce": {
      "package": "mlsauce",
      "status": "SUCCESS",
      "error_message": {},
      "build_output": "* installing to library ‘/Users/runner/work/_temp/Library’\n* installing *source* package ‘mlsauce’ ...\n** this is package ‘mlsauce’ version ‘0.22.4’\n** using staged installation\n** R\n** byte-compile and prepare package for lazy loading\n** help\n*** installing help indices\n** building package indices\n** testing if installed package can be loaded from temporary location\nCreating Python virtual environment...\ninstalling sklearn from r-reticulate...\nUsing Python: /Library/Frameworks/Python.framework/Versions/3.13/bin/python3.13\nCreating virtual environment '~/.virtualenvs/r-reticulate' ... \n+ /Library/Frameworks/Python.framework/Versions/3.13/bin/python3.13 -m venv /Users/runner/.virtualenvs/r-reticulate\nDone!\nInstalling packages: pip, wheel, setuptools\n+ /Users/runner/.virtualenvs/r-reticulate/bin/python -m pip install --upgrade pip wheel setuptools\nRequirement already satisfied: pip in /Users/runner/.virtualenvs/r-reticulate/lib/python3.13/site-packages (25.1.1)\nCollecting wheel\n  Downloading wheel-0.45.1-py3-none-any.whl.metadata (2.3 kB)\nCollecting setuptools\n  Downloading setuptools-80.9.0-py3-none-any.whl.metadata (6.6 kB)\nDownloading wheel-0.45.1-py3-none-any.whl (72 kB)\nDownloading setuptools-80.9.0-py3-none-any.whl (1.2 MB)\n   ━━━━━━━━━━━━━━━━━━━━━━━━━━━━━━━━━━━━━━━━ 1.2/1.2 MB 34.8 MB/s eta 0:00:00\nInstalling collected packages: wheel, setuptools\n\nSuccessfully installed setuptools-80.9.0 wheel-0.45.1\nVirtual environment '~/.virtualenvs/r-reticulate' successfully created.\nUsing virtual environment '~/.virtualenvs/r-reticulate' ...\n+ /Users/runner/.virtualenvs/r-reticulate/bin/python -m pip install --upgrade --no-user scikit-learn\nCollecting scikit-learn\n  Downloading scikit_learn-1.7.0-cp313-cp313-macosx_12_0_arm64.whl.metadata (31 kB)\nCollecting numpy>=1.22.0 (from scikit-learn)\n  Downloading numpy-2.3.1-cp313-cp313-macosx_14_0_arm64.whl.metadata (62 kB)\nCollecting scipy>=1.8.0 (from scikit-learn)\n  Downloading scipy-1.16.0-cp313-cp313-macosx_14_0_arm64.whl.metadata (61 kB)\nCollecting joblib>=1.2.0 (from scikit-learn)\n  Downloading joblib-1.5.1-py3-none-any.whl.metadata (5.6 kB)\nCollecting threadpoolctl>=3.1.0 (from scikit-learn)\n  Downloading threadpoolctl-3.6.0-py3-none-any.whl.metadata (13 kB)\nDownloading scikit_learn-1.7.0-cp313-cp313-macosx_12_0_arm64.whl (10.6 MB)\n   ━━━━━━━━━━━━━━━━━━━━━━━━━━━━━━━━━━━━━━━━ 10.6/10.6 MB 82.1 MB/s eta 0:00:00\nDownloading joblib-1.5.1-py3-none-any.whl (307 kB)\nDownloading numpy-2.3.1-cp313-cp313-macosx_14_0_arm64.whl (5.1 MB)\n   ━━━━━━━━━━━━━━━━━━━━━━━━━━━━━━━━━━━━━━━━ 5.1/5.1 MB 185.9 MB/s eta 0:00:00\nDownloading scipy-1.16.0-cp313-cp313-macosx_14_0_arm64.whl (20.7 MB)\n   ━━━━━━━━━━━━━━━━━━━━━━━━━━━━━━━━━━━━━━━━ 20.7/20.7 MB 81.6 MB/s eta 0:00:00\nDownloading threadpoolctl-3.6.0-py3-none-any.whl (18 kB)\nInstalling collected packages: threadpoolctl, numpy, joblib, scipy, scikit-learn\n\nSuccessfully installed joblib-1.5.1 numpy-2.3.1 scikit-learn-1.7.0 scipy-1.16.0 threadpoolctl-3.6.0\nUsing virtual environment '/Users/runner/.virtualenvs/r-reticulate' ...\n+ /Users/runner/.virtualenvs/r-reticulate/bin/python -m pip install --upgrade --no-user 'git+https://github.com/Techtonique/mlsauce.git'\nCollecting git+https://github.com/Techtonique/mlsauce.git\n  Cloning https://github.com/Techtonique/mlsauce.git to /private/var/folders/y6/nj790rtn62lfktb1sh__79hc0000gn/T/pip-req-build-u56lx1ho\n  Running command git clone --filter=blob:none --quiet https://github.com/Techtonique/mlsauce.git /private/var/folders/y6/nj790rtn62lfktb1sh__79hc0000gn/T/pip-req-build-u56lx1ho\n  Resolved https://github.com/Techtonique/mlsauce.git to commit 017c735f8e37d0744721a30f5d7859244fc7935f\n  Preparing metadata (setup.py): started\n  Preparing metadata (setup.py): finished with status 'error'\n  error: subprocess-exited-with-error\n  \n  × python setup.py egg_info did not run successfully.\n  │ exit code: 1\n  ╰─> [48 lines of output]\n      Collecting numpy\n        Using cached numpy-2.3.1-cp313-cp313-macosx_14_0_arm64.whl.metadata (62 kB)\n      Using cached numpy-2.3.1-cp313-cp313-macosx_14_0_arm64.whl (5.1 MB)\n      Installing collected packages: numpy\n      Successfully installed numpy-2.3.1\n      Collecting scipy\n        Using cached scipy-1.16.0-cp313-cp313-macosx_14_0_arm64.whl.metadata (61 kB)\n      Requirement already satisfied: numpy<2.6,>=1.25.2 in /Library/Frameworks/Python.framework/Versions/3.13/lib/python3.13/site-packages (from scipy) (2.3.1)\n      Using cached scipy-1.16.0-cp313-cp313-macosx_14_0_arm64.whl (20.7 MB)\n      Installing collected packages: scipy\n      Successfully installed scipy-1.16.0\n      Collecting requests\n        Downloading requests-2.32.4-py3-none-any.whl.metadata (4.9 kB)\n      Collecting charset_normalizer<4,>=2 (from requests)\n        Downloading charset_normalizer-3.4.2-cp313-cp313-macosx_10_13_universal2.whl.metadata (35 kB)\n      Collecting idna<4,>=2.5 (from requests)\n        Downloading idna-3.10-py3-none-any.whl.metadata (10 kB)\n      Collecting urllib3<3,>=1.21.1 (from requests)\n        Downloading urllib3-2.5.0-py3-none-any.whl.metadata (6.5 kB)\n      Requirement already satisfied: certifi>=2017.4.17 in /Library/Frameworks/Python.framework/Versions/3.13/lib/python3.13/site-packages (from requests) (2025.6.15)\n      Downloading requests-2.32.4-py3-none-any.whl (64 kB)\n      Downloading charset_normalizer-3.4.2-cp313-cp313-macosx_10_13_universal2.whl (199 kB)\n      Downloading idna-3.10-py3-none-any.whl (70 kB)\n      Downloading urllib3-2.5.0-py3-none-any.whl (129 kB)\n      Installing collected packages: urllib3, idna, charset_normalizer, requests\n      \n      Successfully installed charset_normalizer-3.4.2 idna-3.10 requests-2.32.4 urllib3-2.5.0\n      Collecting Cython\n        Downloading cython-3.1.2-cp313-cp313-macosx_11_0_arm64.whl.metadata (5.9 kB)\n      Downloading cython-3.1.2-cp313-cp313-macosx_11_0_arm64.whl (2.8 MB)\n         ━━━━━━━━━━━━━━━━━━━━━━━━━━━━━━━━━━━━━━━━ 2.8/2.8 MB 53.4 MB/s eta 0:00:00\n      Installing collected packages: Cython\n      Successfully installed Cython-3.1.2\n      Traceback (most recent call last):\n        File \"<string>\", line 2, in <module>\n          exec(compile('''\n          ~~~~^^^^^^^^^^^^\n          # This is <pip-setuptools-caller> -- a caller that pip uses to run setup.py\n          ^^^^^^^^^^^^^^^^^^^^^^^^^^^^^^^^^^^^^^^^^^^^^^^^^^^^^^^^^^^^^^^^^^^^^^^^^^^\n          ...<32 lines>...\n          exec(compile(setup_py_code, filename, \"exec\"))\n          ^^^^^^^^^^^^^^^^^^^^^^^^^^^^^^^^^^^^^^^^^^^^^^\n          ''' % ('/private/var/folders/y6/nj790rtn62lfktb1sh__79hc0000gn/T/pip-req-build-u56lx1ho/setup.py',), \"<pip-setuptools-caller>\", \"exec\"))\n          ^^^^^^^^^^^^^^^^^^^^^^^^^^^^^^^^^^^^^^^^^^^^^^^^^^^^^^^^^^^^^^^^^^^^^^^^^^^^^^^^^^^^^^^^^^^^^^^^^^^^^^^^^^^^^^^^^^^^^^^^^^^^^^^^^^^^^^^^\n        File \"<pip-setuptools-caller>\", line 35, in <module>\n        File \"/private/var/folders/y6/nj790rtn62lfktb1sh__79hc0000gn/T/pip-req-build-u56lx1ho/setup.py\", line 29, in <module>\n          from Cython.Build import cythonize\n      ModuleNotFoundError: No module named 'Cython'\n      [end of output]\n  \n  note: This error originates from a subprocess, and is likely not a problem with pip.\nerror: metadata-generation-failed\n\n× Encountered error while generating package metadata.\n╰─> See above for output.\n\nnote: This is an issue with the package mentioned above, not pip.\nhint: See above for details.\nImporting sklearn from Global Env...\nCollecting git+https://github.com/Techtonique/mlsauce.git\n  Cloning https://github.com/Techtonique/mlsauce.git to /private/var/folders/y6/nj790rtn62lfktb1sh__79hc0000gn/T/pip-req-build-72u54k55\n  Running command git clone --filter=blob:none --quiet https://github.com/Techtonique/mlsauce.git /private/var/folders/y6/nj790rtn62lfktb1sh__79hc0000gn/T/pip-req-build-72u54k55\n  Resolved https://github.com/Techtonique/mlsauce.git to commit 017c735f8e37d0744721a30f5d7859244fc7935f\n  Installing build dependencies: started\n  Installing build dependencies: finished with status 'done'\n  Getting requirements to build wheel: started\n  Getting requirements to build wheel: finished with status 'error'\n  error: subprocess-exited-with-error\n  \n  × Getting requirements to build wheel did not run successfully.\n  │ exit code: 1\n  ╰─> [39 lines of output]\n      Traceback (most recent call last):\n        File \"/Library/Frameworks/Python.framework/Versions/Current/bin/pip\", line 5, in <module>\n          from pip._internal.cli.main import main\n      ModuleNotFoundError: No module named 'pip'\n      Traceback (most recent call last):\n        File \"/Library/Frameworks/Python.framework/Versions/Current/bin/pip\", line 5, in <module>\n          from pip._internal.cli.main import main\n      ModuleNotFoundError: No module named 'pip'\n      Traceback (most recent call last):\n        File \"/Library/Frameworks/Python.framework/Versions/Current/bin/pip\", line 5, in <module>\n          from pip._internal.cli.main import main\n      ModuleNotFoundError: No module named 'pip'\n      Traceback (most recent call last):\n        File \"/Library/Frameworks/Python.framework/Versions/Current/bin/pip\", line 5, in <module>\n          from pip._internal.cli.main import main\n      ModuleNotFoundError: No module named 'pip'\n      Traceback (most recent call last):\n        File \"/Library/Frameworks/Python.framework/Versions/3.13/lib/python3.13/site-packages/pip/_vendor/pyproject_hooks/_in_process/_in_process.py\", line 389, in <module>\n          main()\n          ~~~~^^\n        File \"/Library/Frameworks/Python.framework/Versions/3.13/lib/python3.13/site-packages/pip/_vendor/pyproject_hooks/_in_process/_in_process.py\", line 373, in main\n          json_out[\"return_val\"] = hook(**hook_input[\"kwargs\"])\n                                   ~~~~^^^^^^^^^^^^^^^^^^^^^^^^\n        File \"/Library/Frameworks/Python.framework/Versions/3.13/lib/python3.13/site-packages/pip/_vendor/pyproject_hooks/_in_process/_in_process.py\", line 143, in get_requires_for_build_wheel\n          return hook(config_settings)\n        File \"/private/var/folders/y6/nj790rtn62lfktb1sh__79hc0000gn/T/pip-build-env-orct2d5h/overlay/lib/python3.13/site-packages/setuptools/build_meta.py\", line 331, in get_requires_for_build_wheel\n          return self._get_build_requires(config_settings, requirements=[])\n                 ~~~~~~~~~~~~~~~~~~~~~~~~^^^^^^^^^^^^^^^^^^^^^^^^^^^^^^^^^^\n        File \"/private/var/folders/y6/nj790rtn62lfktb1sh__79hc0000gn/T/pip-build-env-orct2d5h/overlay/lib/python3.13/site-packages/setuptools/build_meta.py\", line 301, in _get_build_requires\n          self.run_setup()\n          ~~~~~~~~~~~~~~^^\n        File \"/private/var/folders/y6/nj790rtn62lfktb1sh__79hc0000gn/T/pip-build-env-orct2d5h/overlay/lib/python3.13/site-packages/setuptools/build_meta.py\", line 512, in run_setup\n          super().run_setup(setup_script=setup_script)\n          ~~~~~~~~~~~~~~~~~^^^^^^^^^^^^^^^^^^^^^^^^^^^\n        File \"/private/var/folders/y6/nj790rtn62lfktb1sh__79hc0000gn/T/pip-build-env-orct2d5h/overlay/lib/python3.13/site-packages/setuptools/build_meta.py\", line 317, in run_setup\n          exec(code, locals())\n          ~~~~^^^^^^^^^^^^^^^^\n        File \"<string>\", line 28, in <module>\n      ModuleNotFoundError: No module named 'numpy'\n      [end of output]\n  \n  note: This error originates from a subprocess, and is likely not a problem with pip.\nerror: subprocess-exited-with-error\n\n× Getting requirements to build wheel did not run successfully.\n│ exit code: 1\n╰─> See above for output.\n\nnote: This error originates from a subprocess, and is likely not a problem with pip.\n** testing if installed package can be loaded from final location\nCreating Python virtual environment...\ninstalling sklearn from r-reticulate...\nUsing virtual environment '/Users/runner/.virtualenvs/r-reticulate' ...\n+ /Users/runner/.virtualenvs/r-reticulate/bin/python -m pip install --upgrade --no-user scikit-learn\nRequirement already satisfied: scikit-learn in /Users/runner/.virtualenvs/r-reticulate/lib/python3.13/site-packages (1.7.0)\nRequirement already satisfied: numpy>=1.22.0 in /Users/runner/.virtualenvs/r-reticulate/lib/python3.13/site-packages (from scikit-learn) (2.3.1)\nRequirement already satisfied: scipy>=1.8.0 in /Users/runner/.virtualenvs/r-reticulate/lib/python3.13/site-packages (from scikit-learn) (1.16.0)\nRequirement already satisfied: joblib>=1.2.0 in /Users/runner/.virtualenvs/r-reticulate/lib/python3.13/site-packages (from scikit-learn) (1.5.1)\nRequirement already satisfied: threadpoolctl>=3.1.0 in /Users/runner/.virtualenvs/r-reticulate/lib/python3.13/site-packages (from scikit-learn) (3.6.0)\nUsing virtual environment '/Users/runner/.virtualenvs/r-reticulate' ...\n+ /Users/runner/.virtualenvs/r-reticulate/bin/python -m pip install --upgrade --no-user 'git+https://github.com/Techtonique/mlsauce.git'\nCollecting git+https://github.com/Techtonique/mlsauce.git\n  Cloning https://github.com/Techtonique/mlsauce.git to /private/var/folders/y6/nj790rtn62lfktb1sh__79hc0000gn/T/pip-req-build-39kz_884\n  Running command git clone --filter=blob:none --quiet https://github.com/Techtonique/mlsauce.git /private/var/folders/y6/nj790rtn62lfktb1sh__79hc0000gn/T/pip-req-build-39kz_884\n  Resolved https://github.com/Techtonique/mlsauce.git to commit 017c735f8e37d0744721a30f5d7859244fc7935f\n  Preparing metadata (setup.py): started\n  Preparing metadata (setup.py): finished with status 'error'\n  error: subprocess-exited-with-error\n  \n  × python setup.py egg_info did not run successfully.\n  │ exit code: 1\n  ╰─> [24 lines of output]\n      Requirement already satisfied: numpy in /Library/Frameworks/Python.framework/Versions/3.13/lib/python3.13/site-packages (2.3.1)\n      Requirement already satisfied: scipy in /Library/Frameworks/Python.framework/Versions/3.13/lib/python3.13/site-packages (1.16.0)\n      Requirement already satisfied: numpy<2.6,>=1.25.2 in /Library/Frameworks/Python.framework/Versions/3.13/lib/python3.13/site-packages (from scipy) (2.3.1)\n      Requirement already satisfied: requests in /Library/Frameworks/Python.framework/Versions/3.13/lib/python3.13/site-packages (2.32.4)\n      Requirement already satisfied: charset_normalizer<4,>=2 in /Library/Frameworks/Python.framework/Versions/3.13/lib/python3.13/site-packages (from requests) (3.4.2)\n      Requirement already satisfied: idna<4,>=2.5 in /Library/Frameworks/Python.framework/Versions/3.13/lib/python3.13/site-packages (from requests) (3.10)\n      Requirement already satisfied: urllib3<3,>=1.21.1 in /Library/Frameworks/Python.framework/Versions/3.13/lib/python3.13/site-packages (from requests) (2.5.0)\n      Requirement already satisfied: certifi>=2017.4.17 in /Library/Frameworks/Python.framework/Versions/3.13/lib/python3.13/site-packages (from requests) (2025.6.15)\n      Requirement already satisfied: Cython in /Library/Frameworks/Python.framework/Versions/3.13/lib/python3.13/site-packages (3.1.2)\n      Traceback (most recent call last):\n        File \"<string>\", line 2, in <module>\n          exec(compile('''\n          ~~~~^^^^^^^^^^^^\n          # This is <pip-setuptools-caller> -- a caller that pip uses to run setup.py\n          ^^^^^^^^^^^^^^^^^^^^^^^^^^^^^^^^^^^^^^^^^^^^^^^^^^^^^^^^^^^^^^^^^^^^^^^^^^^\n          ...<32 lines>...\n          exec(compile(setup_py_code, filename, \"exec\"))\n          ^^^^^^^^^^^^^^^^^^^^^^^^^^^^^^^^^^^^^^^^^^^^^^\n          ''' % ('/private/var/folders/y6/nj790rtn62lfktb1sh__79hc0000gn/T/pip-req-build-39kz_884/setup.py',), \"<pip-setuptools-caller>\", \"exec\"))\n          ^^^^^^^^^^^^^^^^^^^^^^^^^^^^^^^^^^^^^^^^^^^^^^^^^^^^^^^^^^^^^^^^^^^^^^^^^^^^^^^^^^^^^^^^^^^^^^^^^^^^^^^^^^^^^^^^^^^^^^^^^^^^^^^^^^^^^^^^\n        File \"<pip-setuptools-caller>\", line 35, in <module>\n        File \"/private/var/folders/y6/nj790rtn62lfktb1sh__79hc0000gn/T/pip-req-build-39kz_884/setup.py\", line 29, in <module>\n          from Cython.Build import cythonize\n      ModuleNotFoundError: No module named 'Cython'\n      [end of output]\n  \n  note: This error originates from a subprocess, and is likely not a problem with pip.\nerror: metadata-generation-failed\n\n× Encountered error while generating package metadata.\n╰─> See above for output.\n\nnote: This is an issue with the package mentioned above, not pip.\nhint: See above for details.\nImporting sklearn from Global Env...\nCollecting git+https://github.com/Techtonique/mlsauce.git\n  Cloning https://github.com/Techtonique/mlsauce.git to /private/var/folders/y6/nj790rtn62lfktb1sh__79hc0000gn/T/pip-req-build-20f3vy8s\n  Running command git clone --filter=blob:none --quiet https://github.com/Techtonique/mlsauce.git /private/var/folders/y6/nj790rtn62lfktb1sh__79hc0000gn/T/pip-req-build-20f3vy8s\n  Resolved https://github.com/Techtonique/mlsauce.git to commit 017c735f8e37d0744721a30f5d7859244fc7935f\n  Installing build dependencies: started\n  Installing build dependencies: finished with status 'done'\n  Getting requirements to build wheel: started\n  Getting requirements to build wheel: finished with status 'error'\n  error: subprocess-exited-with-error\n  \n  × Getting requirements to build wheel did not run successfully.\n  │ exit code: 1\n  ╰─> [39 lines of output]\n      Traceback (most recent call last):\n        File \"/Library/Frameworks/Python.framework/Versions/Current/bin/pip\", line 5, in <module>\n          from pip._internal.cli.main import main\n      ModuleNotFoundError: No module named 'pip'\n      Traceback (most recent call last):\n        File \"/Library/Frameworks/Python.framework/Versions/Current/bin/pip\", line 5, in <module>\n          from pip._internal.cli.main import main\n      ModuleNotFoundError: No module named 'pip'\n      Traceback (most recent call last):\n        File \"/Library/Frameworks/Python.framework/Versions/Current/bin/pip\", line 5, in <module>\n          from pip._internal.cli.main import main\n      ModuleNotFoundError: No module named 'pip'\n      Traceback (most recent call last):\n        File \"/Library/Frameworks/Python.framework/Versions/Current/bin/pip\", line 5, in <module>\n          from pip._internal.cli.main import main\n      ModuleNotFoundError: No module named 'pip'\n      Traceback (most recent call last):\n        File \"/Library/Frameworks/Python.framework/Versions/3.13/lib/python3.13/site-packages/pip/_vendor/pyproject_hooks/_in_process/_in_process.py\", line 389, in <module>\n          main()\n          ~~~~^^\n        File \"/Library/Frameworks/Python.framework/Versions/3.13/lib/python3.13/site-packages/pip/_vendor/pyproject_hooks/_in_process/_in_process.py\", line 373, in main\n          json_out[\"return_val\"] = hook(**hook_input[\"kwargs\"])\n                                   ~~~~^^^^^^^^^^^^^^^^^^^^^^^^\n        File \"/Library/Frameworks/Python.framework/Versions/3.13/lib/python3.13/site-packages/pip/_vendor/pyproject_hooks/_in_process/_in_process.py\", line 143, in get_requires_for_build_wheel\n          return hook(config_settings)\n        File \"/private/var/folders/y6/nj790rtn62lfktb1sh__79hc0000gn/T/pip-build-env-ocu5zxu_/overlay/lib/python3.13/site-packages/setuptools/build_meta.py\", line 331, in get_requires_for_build_wheel\n          return self._get_build_requires(config_settings, requirements=[])\n                 ~~~~~~~~~~~~~~~~~~~~~~~~^^^^^^^^^^^^^^^^^^^^^^^^^^^^^^^^^^\n        File \"/private/var/folders/y6/nj790rtn62lfktb1sh__79hc0000gn/T/pip-build-env-ocu5zxu_/overlay/lib/python3.13/site-packages/setuptools/build_meta.py\", line 301, in _get_build_requires\n          self.run_setup()\n          ~~~~~~~~~~~~~~^^\n        File \"/private/var/folders/y6/nj790rtn62lfktb1sh__79hc0000gn/T/pip-build-env-ocu5zxu_/overlay/lib/python3.13/site-packages/setuptools/build_meta.py\", line 512, in run_setup\n          super().run_setup(setup_script=setup_script)\n          ~~~~~~~~~~~~~~~~~^^^^^^^^^^^^^^^^^^^^^^^^^^^\n        File \"/private/var/folders/y6/nj790rtn62lfktb1sh__79hc0000gn/T/pip-build-env-ocu5zxu_/overlay/lib/python3.13/site-packages/setuptools/build_meta.py\", line 317, in run_setup\n          exec(code, locals())\n          ~~~~^^^^^^^^^^^^^^^^\n        File \"<string>\", line 28, in <module>\n      ModuleNotFoundError: No module named 'numpy'\n      [end of output]\n  \n  note: This error originates from a subprocess, and is likely not a problem with pip.\nerror: subprocess-exited-with-error\n\n× Getting requirements to build wheel did not run successfully.\n│ exit code: 1\n╰─> See above for output.\n\nnote: This error originates from a subprocess, and is likely not a problem with pip.\n** testing if installed package keeps a record of temporary installation path\n* creating tarball\npackaged installation of ‘mlsauce’ as ‘mlsauce_0.22.4.tgz’\n* DONE (mlsauce)",
      "build_time": "2025-06-23 08:49:55"
    },
    "nnetsauce": {
      "package": "nnetsauce",
      "status": "SUCCESS",
      "error_message": {},
      "build_output": "* installing to library ‘/Users/runner/work/_temp/Library’\n* installing *source* package ‘nnetsauce’ ...\n** this is package ‘nnetsauce’ version ‘0.31.1’\n** using staged installation\n** R\n** byte-compile and prepare package for lazy loading\n** help\n*** installing help indices\n** building package indices\n** testing if installed package can be loaded from temporary location\nCreating Python virtual environment...\nInstalling sklearn from r-reticulate...\nUsing virtual environment '/Users/runner/.virtualenvs/r-reticulate' ...\n+ /Users/runner/.virtualenvs/r-reticulate/bin/python -m pip install --upgrade --no-user --ignore-installed scikit-learn\nCollecting scikit-learn\n  Using cached scikit_learn-1.7.0-cp313-cp313-macosx_12_0_arm64.whl.metadata (31 kB)\nCollecting numpy>=1.22.0 (from scikit-learn)\n  Using cached numpy-2.3.1-cp313-cp313-macosx_14_0_arm64.whl.metadata (62 kB)\nCollecting scipy>=1.8.0 (from scikit-learn)\n  Using cached scipy-1.16.0-cp313-cp313-macosx_14_0_arm64.whl.metadata (61 kB)\nCollecting joblib>=1.2.0 (from scikit-learn)\n  Using cached joblib-1.5.1-py3-none-any.whl.metadata (5.6 kB)\nCollecting threadpoolctl>=3.1.0 (from scikit-learn)\n  Using cached threadpoolctl-3.6.0-py3-none-any.whl.metadata (13 kB)\nUsing cached scikit_learn-1.7.0-cp313-cp313-macosx_12_0_arm64.whl (10.6 MB)\nUsing cached joblib-1.5.1-py3-none-any.whl (307 kB)\nUsing cached numpy-2.3.1-cp313-cp313-macosx_14_0_arm64.whl (5.1 MB)\nUsing cached scipy-1.16.0-cp313-cp313-macosx_14_0_arm64.whl (20.7 MB)\nUsing cached threadpoolctl-3.6.0-py3-none-any.whl (18 kB)\nInstalling collected packages: threadpoolctl, numpy, joblib, scipy, scikit-learn\n\nSuccessfully installed joblib-1.5.1 numpy-2.3.1 scikit-learn-1.7.0 scipy-1.16.0 threadpoolctl-3.6.0\nUsing virtual environment '/Users/runner/.virtualenvs/r-reticulate' ...\n+ /Users/runner/.virtualenvs/r-reticulate/bin/python -m pip install --upgrade --no-user --ignore-installed nnetsauce\nCollecting nnetsauce\n  Downloading nnetsauce-0.36.0-py3-none-any.whl.metadata (1000 bytes)\nCollecting joblib (from nnetsauce)\n  Using cached joblib-1.5.1-py3-none-any.whl.metadata (5.6 kB)\nCollecting matplotlib (from nnetsauce)\n  Downloading matplotlib-3.10.3-cp313-cp313-macosx_11_0_arm64.whl.metadata (11 kB)\nCollecting numpy (from nnetsauce)\n  Using cached numpy-2.3.1-cp313-cp313-macosx_14_0_arm64.whl.metadata (62 kB)\nCollecting pandas (from nnetsauce)\n  Downloading pandas-2.3.0-cp313-cp313-macosx_11_0_arm64.whl.metadata (91 kB)\nCollecting requests (from nnetsauce)\n  Using cached requests-2.32.4-py3-none-any.whl.metadata (4.9 kB)\nCollecting scipy (from nnetsauce)\n  Using cached scipy-1.16.0-cp313-cp313-macosx_14_0_arm64.whl.metadata (61 kB)\nCollecting scikit-learn (from nnetsauce)\n  Using cached scikit_learn-1.7.0-cp313-cp313-macosx_12_0_arm64.whl.metadata (31 kB)\nCollecting statsmodels (from nnetsauce)\n  Downloading statsmodels-0.14.4-cp313-cp313-macosx_11_0_arm64.whl.metadata (9.2 kB)\nCollecting threadpoolctl (from nnetsauce)\n  Using cached threadpoolctl-3.6.0-py3-none-any.whl.metadata (13 kB)\nCollecting tqdm (from nnetsauce)\n  Downloading tqdm-4.67.1-py3-none-any.whl.metadata (57 kB)\nCollecting contourpy>=1.0.1 (from matplotlib->nnetsauce)\n  Downloading contourpy-1.3.2-cp313-cp313-macosx_11_0_arm64.whl.metadata (5.5 kB)\nCollecting cycler>=0.10 (from matplotlib->nnetsauce)\n  Downloading cycler-0.12.1-py3-none-any.whl.metadata (3.8 kB)\nCollecting fonttools>=4.22.0 (from matplotlib->nnetsauce)\n  Downloading fonttools-4.58.4-cp313-cp313-macosx_10_13_universal2.whl.metadata (106 kB)\nCollecting kiwisolver>=1.3.1 (from matplotlib->nnetsauce)\n  Downloading kiwisolver-1.4.8-cp313-cp313-macosx_11_0_arm64.whl.metadata (6.2 kB)\nCollecting packaging>=20.0 (from matplotlib->nnetsauce)\n  Downloading packaging-25.0-py3-none-any.whl.metadata (3.3 kB)\nCollecting pillow>=8 (from matplotlib->nnetsauce)\n  Downloading pillow-11.2.1-cp313-cp313-macosx_11_0_arm64.whl.metadata (8.9 kB)\nCollecting pyparsing>=2.3.1 (from matplotlib->nnetsauce)\n  Downloading pyparsing-3.2.3-py3-none-any.whl.metadata (5.0 kB)\nCollecting python-dateutil>=2.7 (from matplotlib->nnetsauce)\n  Downloading python_dateutil-2.9.0.post0-py2.py3-none-any.whl.metadata (8.4 kB)\nCollecting six>=1.5 (from python-dateutil>=2.7->matplotlib->nnetsauce)\n  Downloading six-1.17.0-py2.py3-none-any.whl.metadata (1.7 kB)\nCollecting pytz>=2020.1 (from pandas->nnetsauce)\n  Downloading pytz-2025.2-py2.py3-none-any.whl.metadata (22 kB)\nCollecting tzdata>=2022.7 (from pandas->nnetsauce)\n  Downloading tzdata-2025.2-py2.py3-none-any.whl.metadata (1.4 kB)\nCollecting charset_normalizer<4,>=2 (from requests->nnetsauce)\n  Using cached charset_normalizer-3.4.2-cp313-cp313-macosx_10_13_universal2.whl.metadata (35 kB)\nCollecting idna<4,>=2.5 (from requests->nnetsauce)\n  Using cached idna-3.10-py3-none-any.whl.metadata (10 kB)\nCollecting urllib3<3,>=1.21.1 (from requests->nnetsauce)\n  Using cached urllib3-2.5.0-py3-none-any.whl.metadata (6.5 kB)\nCollecting certifi>=2017.4.17 (from requests->nnetsauce)\n  Using cached certifi-2025.6.15-py3-none-any.whl.metadata (2.4 kB)\nCollecting patsy>=0.5.6 (from statsmodels->nnetsauce)\n  Downloading patsy-1.0.1-py2.py3-none-any.whl.metadata (3.3 kB)\nDownloading nnetsauce-0.36.0-py3-none-any.whl (204 kB)\nUsing cached joblib-1.5.1-py3-none-any.whl (307 kB)\nDownloading matplotlib-3.10.3-cp313-cp313-macosx_11_0_arm64.whl (8.1 MB)\n   ━━━━━━━━━━━━━━━━━━━━━━━━━━━━━━━━━━━━━━━━ 8.1/8.1 MB 123.5 MB/s eta 0:00:00\nDownloading contourpy-1.3.2-cp313-cp313-macosx_11_0_arm64.whl (255 kB)\nDownloading cycler-0.12.1-py3-none-any.whl (8.3 kB)\nDownloading fonttools-4.58.4-cp313-cp313-macosx_10_13_universal2.whl (2.7 MB)\n   ━━━━━━━━━━━━━━━━━━━━━━━━━━━━━━━━━━━━━━━━ 2.7/2.7 MB 153.1 MB/s eta 0:00:00\nDownloading kiwisolver-1.4.8-cp313-cp313-macosx_11_0_arm64.whl (65 kB)\nUsing cached numpy-2.3.1-cp313-cp313-macosx_14_0_arm64.whl (5.1 MB)\nDownloading packaging-25.0-py3-none-any.whl (66 kB)\nDownloading pillow-11.2.1-cp313-cp313-macosx_11_0_arm64.whl (3.0 MB)\n   ━━━━━━━━━━━━━━━━━━━━━━━━━━━━━━━━━━━━━━━━ 3.0/3.0 MB 188.4 MB/s eta 0:00:00\nDownloading pyparsing-3.2.3-py3-none-any.whl (111 kB)\nDownloading python_dateutil-2.9.0.post0-py2.py3-none-any.whl (229 kB)\nDownloading six-1.17.0-py2.py3-none-any.whl (11 kB)\nDownloading pandas-2.3.0-cp313-cp313-macosx_11_0_arm64.whl (10.7 MB)\n   ━━━━━━━━━━━━━━━━━━━━━━━━━━━━━━━━━━━━━━━━ 10.7/10.7 MB 146.6 MB/s eta 0:00:00\nDownloading pytz-2025.2-py2.py3-none-any.whl (509 kB)\nDownloading tzdata-2025.2-py2.py3-none-any.whl (347 kB)\nUsing cached requests-2.32.4-py3-none-any.whl (64 kB)\nUsing cached charset_normalizer-3.4.2-cp313-cp313-macosx_10_13_universal2.whl (199 kB)\nUsing cached idna-3.10-py3-none-any.whl (70 kB)\nUsing cached urllib3-2.5.0-py3-none-any.whl (129 kB)\nUsing cached certifi-2025.6.15-py3-none-any.whl (157 kB)\nUsing cached scikit_learn-1.7.0-cp313-cp313-macosx_12_0_arm64.whl (10.6 MB)\nUsing cached scipy-1.16.0-cp313-cp313-macosx_14_0_arm64.whl (20.7 MB)\nUsing cached threadpoolctl-3.6.0-py3-none-any.whl (18 kB)\nDownloading statsmodels-0.14.4-cp313-cp313-macosx_11_0_arm64.whl (9.9 MB)\n   ━━━━━━━━━━━━━━━━━━━━━━━━━━━━━━━━━━━━━━━━ 9.9/9.9 MB 150.7 MB/s eta 0:00:00\nDownloading patsy-1.0.1-py2.py3-none-any.whl (232 kB)\nDownloading tqdm-4.67.1-py3-none-any.whl (78 kB)\nInstalling collected packages: pytz, urllib3, tzdata, tqdm, threadpoolctl, six, pyparsing, pillow, packaging, numpy, kiwisolver, joblib, idna, fonttools, cycler, charset_normalizer, certifi, scipy, requests, python-dateutil, patsy, contourpy, scikit-learn, pandas, matplotlib, statsmodels, nnetsauce\n\nSuccessfully installed certifi-2025.6.15 charset_normalizer-3.4.2 contourpy-1.3.2 cycler-0.12.1 fonttools-4.58.4 idna-3.10 joblib-1.5.1 kiwisolver-1.4.8 matplotlib-3.10.3 nnetsauce-0.36.0 numpy-2.3.1 packaging-25.0 pandas-2.3.0 patsy-1.0.1 pillow-11.2.1 pyparsing-3.2.3 python-dateutil-2.9.0.post0 pytz-2025.2 requests-2.32.4 scikit-learn-1.7.0 scipy-1.16.0 six-1.17.0 statsmodels-0.14.4 threadpoolctl-3.6.0 tqdm-4.67.1 tzdata-2025.2 urllib3-2.5.0\nUsing virtual environment '/Users/runner/.virtualenvs/r-reticulate' ...\n+ /Users/runner/.virtualenvs/r-reticulate/bin/python -m pip install --upgrade --no-user --ignore-installed numpy\nCollecting numpy\n  Using cached numpy-2.3.1-cp313-cp313-macosx_14_0_arm64.whl.metadata (62 kB)\nUsing cached numpy-2.3.1-cp313-cp313-macosx_14_0_arm64.whl (5.1 MB)\nInstalling collected packages: numpy\nSuccessfully installed numpy-2.3.1\nUsing virtual environment '/Users/runner/.virtualenvs/r-reticulate' ...\n+ /Users/runner/.virtualenvs/r-reticulate/bin/python -m pip install --upgrade --no-user --ignore-installed pandas\nCollecting pandas\n  Using cached pandas-2.3.0-cp313-cp313-macosx_11_0_arm64.whl.metadata (91 kB)\nCollecting numpy>=1.26.0 (from pandas)\n  Using cached numpy-2.3.1-cp313-cp313-macosx_14_0_arm64.whl.metadata (62 kB)\nCollecting python-dateutil>=2.8.2 (from pandas)\n  Using cached python_dateutil-2.9.0.post0-py2.py3-none-any.whl.metadata (8.4 kB)\nCollecting pytz>=2020.1 (from pandas)\n  Using cached pytz-2025.2-py2.py3-none-any.whl.metadata (22 kB)\nCollecting tzdata>=2022.7 (from pandas)\n  Using cached tzdata-2025.2-py2.py3-none-any.whl.metadata (1.4 kB)\nCollecting six>=1.5 (from python-dateutil>=2.8.2->pandas)\n  Using cached six-1.17.0-py2.py3-none-any.whl.metadata (1.7 kB)\nUsing cached pandas-2.3.0-cp313-cp313-macosx_11_0_arm64.whl (10.7 MB)\nUsing cached numpy-2.3.1-cp313-cp313-macosx_14_0_arm64.whl (5.1 MB)\nUsing cached python_dateutil-2.9.0.post0-py2.py3-none-any.whl (229 kB)\nUsing cached pytz-2025.2-py2.py3-none-any.whl (509 kB)\nUsing cached six-1.17.0-py2.py3-none-any.whl (11 kB)\nUsing cached tzdata-2025.2-py2.py3-none-any.whl (347 kB)\nInstalling collected packages: pytz, tzdata, six, numpy, python-dateutil, pandas\n\nSuccessfully installed numpy-2.3.1 pandas-2.3.0 python-dateutil-2.9.0.post0 pytz-2025.2 six-1.17.0 tzdata-2025.2\nImporting sklearn...\n** testing if installed package can be loaded from final location\nCreating Python virtual environment...\nInstalling sklearn from r-reticulate...\nUsing virtual environment '/Users/runner/.virtualenvs/r-reticulate' ...\n+ /Users/runner/.virtualenvs/r-reticulate/bin/python -m pip install --upgrade --no-user --ignore-installed scikit-learn\nCollecting scikit-learn\n  Using cached scikit_learn-1.7.0-cp313-cp313-macosx_12_0_arm64.whl.metadata (31 kB)\nCollecting numpy>=1.22.0 (from scikit-learn)\n  Using cached numpy-2.3.1-cp313-cp313-macosx_14_0_arm64.whl.metadata (62 kB)\nCollecting scipy>=1.8.0 (from scikit-learn)\n  Using cached scipy-1.16.0-cp313-cp313-macosx_14_0_arm64.whl.metadata (61 kB)\nCollecting joblib>=1.2.0 (from scikit-learn)\n  Using cached joblib-1.5.1-py3-none-any.whl.metadata (5.6 kB)\nCollecting threadpoolctl>=3.1.0 (from scikit-learn)\n  Using cached threadpoolctl-3.6.0-py3-none-any.whl.metadata (13 kB)\nUsing cached scikit_learn-1.7.0-cp313-cp313-macosx_12_0_arm64.whl (10.6 MB)\nUsing cached joblib-1.5.1-py3-none-any.whl (307 kB)\nUsing cached numpy-2.3.1-cp313-cp313-macosx_14_0_arm64.whl (5.1 MB)\nUsing cached scipy-1.16.0-cp313-cp313-macosx_14_0_arm64.whl (20.7 MB)\nUsing cached threadpoolctl-3.6.0-py3-none-any.whl (18 kB)\nInstalling collected packages: threadpoolctl, numpy, joblib, scipy, scikit-learn\n\nSuccessfully installed joblib-1.5.1 numpy-2.3.1 scikit-learn-1.7.0 scipy-1.16.0 threadpoolctl-3.6.0\nUsing virtual environment '/Users/runner/.virtualenvs/r-reticulate' ...\n+ /Users/runner/.virtualenvs/r-reticulate/bin/python -m pip install --upgrade --no-user --ignore-installed nnetsauce\nCollecting nnetsauce\n  Using cached nnetsauce-0.36.0-py3-none-any.whl.metadata (1000 bytes)\nCollecting joblib (from nnetsauce)\n  Using cached joblib-1.5.1-py3-none-any.whl.metadata (5.6 kB)\nCollecting matplotlib (from nnetsauce)\n  Using cached matplotlib-3.10.3-cp313-cp313-macosx_11_0_arm64.whl.metadata (11 kB)\nCollecting numpy (from nnetsauce)\n  Using cached numpy-2.3.1-cp313-cp313-macosx_14_0_arm64.whl.metadata (62 kB)\nCollecting pandas (from nnetsauce)\n  Using cached pandas-2.3.0-cp313-cp313-macosx_11_0_arm64.whl.metadata (91 kB)\nCollecting requests (from nnetsauce)\n  Using cached requests-2.32.4-py3-none-any.whl.metadata (4.9 kB)\nCollecting scipy (from nnetsauce)\n  Using cached scipy-1.16.0-cp313-cp313-macosx_14_0_arm64.whl.metadata (61 kB)\nCollecting scikit-learn (from nnetsauce)\n  Using cached scikit_learn-1.7.0-cp313-cp313-macosx_12_0_arm64.whl.metadata (31 kB)\nCollecting statsmodels (from nnetsauce)\n  Using cached statsmodels-0.14.4-cp313-cp313-macosx_11_0_arm64.whl.metadata (9.2 kB)\nCollecting threadpoolctl (from nnetsauce)\n  Using cached threadpoolctl-3.6.0-py3-none-any.whl.metadata (13 kB)\nCollecting tqdm (from nnetsauce)\n  Using cached tqdm-4.67.1-py3-none-any.whl.metadata (57 kB)\nCollecting contourpy>=1.0.1 (from matplotlib->nnetsauce)\n  Using cached contourpy-1.3.2-cp313-cp313-macosx_11_0_arm64.whl.metadata (5.5 kB)\nCollecting cycler>=0.10 (from matplotlib->nnetsauce)\n  Using cached cycler-0.12.1-py3-none-any.whl.metadata (3.8 kB)\nCollecting fonttools>=4.22.0 (from matplotlib->nnetsauce)\n  Using cached fonttools-4.58.4-cp313-cp313-macosx_10_13_universal2.whl.metadata (106 kB)\nCollecting kiwisolver>=1.3.1 (from matplotlib->nnetsauce)\n  Using cached kiwisolver-1.4.8-cp313-cp313-macosx_11_0_arm64.whl.metadata (6.2 kB)\nCollecting packaging>=20.0 (from matplotlib->nnetsauce)\n  Using cached packaging-25.0-py3-none-any.whl.metadata (3.3 kB)\nCollecting pillow>=8 (from matplotlib->nnetsauce)\n  Using cached pillow-11.2.1-cp313-cp313-macosx_11_0_arm64.whl.metadata (8.9 kB)\nCollecting pyparsing>=2.3.1 (from matplotlib->nnetsauce)\n  Using cached pyparsing-3.2.3-py3-none-any.whl.metadata (5.0 kB)\nCollecting python-dateutil>=2.7 (from matplotlib->nnetsauce)\n  Using cached python_dateutil-2.9.0.post0-py2.py3-none-any.whl.metadata (8.4 kB)\nCollecting six>=1.5 (from python-dateutil>=2.7->matplotlib->nnetsauce)\n  Using cached six-1.17.0-py2.py3-none-any.whl.metadata (1.7 kB)\nCollecting pytz>=2020.1 (from pandas->nnetsauce)\n  Using cached pytz-2025.2-py2.py3-none-any.whl.metadata (22 kB)\nCollecting tzdata>=2022.7 (from pandas->nnetsauce)\n  Using cached tzdata-2025.2-py2.py3-none-any.whl.metadata (1.4 kB)\nCollecting charset_normalizer<4,>=2 (from requests->nnetsauce)\n  Using cached charset_normalizer-3.4.2-cp313-cp313-macosx_10_13_universal2.whl.metadata (35 kB)\nCollecting idna<4,>=2.5 (from requests->nnetsauce)\n  Using cached idna-3.10-py3-none-any.whl.metadata (10 kB)\nCollecting urllib3<3,>=1.21.1 (from requests->nnetsauce)\n  Using cached urllib3-2.5.0-py3-none-any.whl.metadata (6.5 kB)\nCollecting certifi>=2017.4.17 (from requests->nnetsauce)\n  Using cached certifi-2025.6.15-py3-none-any.whl.metadata (2.4 kB)\nCollecting patsy>=0.5.6 (from statsmodels->nnetsauce)\n  Using cached patsy-1.0.1-py2.py3-none-any.whl.metadata (3.3 kB)\nUsing cached nnetsauce-0.36.0-py3-none-any.whl (204 kB)\nUsing cached joblib-1.5.1-py3-none-any.whl (307 kB)\nUsing cached matplotlib-3.10.3-cp313-cp313-macosx_11_0_arm64.whl (8.1 MB)\nUsing cached contourpy-1.3.2-cp313-cp313-macosx_11_0_arm64.whl (255 kB)\nUsing cached cycler-0.12.1-py3-none-any.whl (8.3 kB)\nUsing cached fonttools-4.58.4-cp313-cp313-macosx_10_13_universal2.whl (2.7 MB)\nUsing cached kiwisolver-1.4.8-cp313-cp313-macosx_11_0_arm64.whl (65 kB)\nUsing cached numpy-2.3.1-cp313-cp313-macosx_14_0_arm64.whl (5.1 MB)\nUsing cached packaging-25.0-py3-none-any.whl (66 kB)\nUsing cached pillow-11.2.1-cp313-cp313-macosx_11_0_arm64.whl (3.0 MB)\nUsing cached pyparsing-3.2.3-py3-none-any.whl (111 kB)\nUsing cached python_dateutil-2.9.0.post0-py2.py3-none-any.whl (229 kB)\nUsing cached six-1.17.0-py2.py3-none-any.whl (11 kB)\nUsing cached pandas-2.3.0-cp313-cp313-macosx_11_0_arm64.whl (10.7 MB)\nUsing cached pytz-2025.2-py2.py3-none-any.whl (509 kB)\nUsing cached tzdata-2025.2-py2.py3-none-any.whl (347 kB)\nUsing cached requests-2.32.4-py3-none-any.whl (64 kB)\nUsing cached charset_normalizer-3.4.2-cp313-cp313-macosx_10_13_universal2.whl (199 kB)\nUsing cached idna-3.10-py3-none-any.whl (70 kB)\nUsing cached urllib3-2.5.0-py3-none-any.whl (129 kB)\nUsing cached certifi-2025.6.15-py3-none-any.whl (157 kB)\nUsing cached scikit_learn-1.7.0-cp313-cp313-macosx_12_0_arm64.whl (10.6 MB)\nUsing cached scipy-1.16.0-cp313-cp313-macosx_14_0_arm64.whl (20.7 MB)\nUsing cached threadpoolctl-3.6.0-py3-none-any.whl (18 kB)\nUsing cached statsmodels-0.14.4-cp313-cp313-macosx_11_0_arm64.whl (9.9 MB)\nUsing cached patsy-1.0.1-py2.py3-none-any.whl (232 kB)\nUsing cached tqdm-4.67.1-py3-none-any.whl (78 kB)\nInstalling collected packages: pytz, urllib3, tzdata, tqdm, threadpoolctl, six, pyparsing, pillow, packaging, numpy, kiwisolver, joblib, idna, fonttools, cycler, charset_normalizer, certifi, scipy, requests, python-dateutil, patsy, contourpy, scikit-learn, pandas, matplotlib, statsmodels, nnetsauce\n\nSuccessfully installed certifi-2025.6.15 charset_normalizer-3.4.2 contourpy-1.3.2 cycler-0.12.1 fonttools-4.58.4 idna-3.10 joblib-1.5.1 kiwisolver-1.4.8 matplotlib-3.10.3 nnetsauce-0.36.0 numpy-2.3.1 packaging-25.0 pandas-2.3.0 patsy-1.0.1 pillow-11.2.1 pyparsing-3.2.3 python-dateutil-2.9.0.post0 pytz-2025.2 requests-2.32.4 scikit-learn-1.7.0 scipy-1.16.0 six-1.17.0 statsmodels-0.14.4 threadpoolctl-3.6.0 tqdm-4.67.1 tzdata-2025.2 urllib3-2.5.0\nUsing virtual environment '/Users/runner/.virtualenvs/r-reticulate' ...\n+ /Users/runner/.virtualenvs/r-reticulate/bin/python -m pip install --upgrade --no-user --ignore-installed numpy\nCollecting numpy\n  Using cached numpy-2.3.1-cp313-cp313-macosx_14_0_arm64.whl.metadata (62 kB)\nUsing cached numpy-2.3.1-cp313-cp313-macosx_14_0_arm64.whl (5.1 MB)\nInstalling collected packages: numpy\nSuccessfully installed numpy-2.3.1\nUsing virtual environment '/Users/runner/.virtualenvs/r-reticulate' ...\n+ /Users/runner/.virtualenvs/r-reticulate/bin/python -m pip install --upgrade --no-user --ignore-installed pandas\nCollecting pandas\n  Using cached pandas-2.3.0-cp313-cp313-macosx_11_0_arm64.whl.metadata (91 kB)\nCollecting numpy>=1.26.0 (from pandas)\n  Using cached numpy-2.3.1-cp313-cp313-macosx_14_0_arm64.whl.metadata (62 kB)\nCollecting python-dateutil>=2.8.2 (from pandas)\n  Using cached python_dateutil-2.9.0.post0-py2.py3-none-any.whl.metadata (8.4 kB)\nCollecting pytz>=2020.1 (from pandas)\n  Using cached pytz-2025.2-py2.py3-none-any.whl.metadata (22 kB)\nCollecting tzdata>=2022.7 (from pandas)\n  Using cached tzdata-2025.2-py2.py3-none-any.whl.metadata (1.4 kB)\nCollecting six>=1.5 (from python-dateutil>=2.8.2->pandas)\n  Using cached six-1.17.0-py2.py3-none-any.whl.metadata (1.7 kB)\nUsing cached pandas-2.3.0-cp313-cp313-macosx_11_0_arm64.whl (10.7 MB)\nUsing cached numpy-2.3.1-cp313-cp313-macosx_14_0_arm64.whl (5.1 MB)\nUsing cached python_dateutil-2.9.0.post0-py2.py3-none-any.whl (229 kB)\nUsing cached pytz-2025.2-py2.py3-none-any.whl (509 kB)\nUsing cached six-1.17.0-py2.py3-none-any.whl (11 kB)\nUsing cached tzdata-2025.2-py2.py3-none-any.whl (347 kB)\nInstalling collected packages: pytz, tzdata, six, numpy, python-dateutil, pandas\n\nSuccessfully installed numpy-2.3.1 pandas-2.3.0 python-dateutil-2.9.0.post0 pytz-2025.2 six-1.17.0 tzdata-2025.2\nImporting sklearn...\n** testing if installed package keeps a record of temporary installation path\n* creating tarball\npackaged installation of ‘nnetsauce’ as ‘nnetsauce_0.31.1.tgz’\n* DONE (nnetsauce)",
      "build_time": "2025-06-23 08:50:34"
    },
    "rvfl": {
      "package": "rvfl",
      "status": "SUCCESS",
      "error_message": {},
      "build_output": "* installing to library ‘/Users/runner/work/_temp/Library’\n* installing *source* package ‘rvfl’ ...\n** this is package ‘rvfl’ version ‘0.1.0’\n** using staged installation\n** R\n** byte-compile and prepare package for lazy loading\n** help\n*** installing help indices\n** building package indices\n** installing vignettes\n** testing if installed package can be loaded from temporary location\n** testing if installed package can be loaded from final location\n** testing if installed package keeps a record of temporary installation path\n* creating tarball\npackaged installation of ‘rvfl’ as ‘rvfl_0.1.0.tgz’\n* DONE (rvfl)",
      "build_time": "2025-06-23 08:51:46"
    },
    "simulatetimeseries": {
      "package": "simulatetimeseries",
      "status": "SUCCESS",
      "error_message": {},
      "build_output": "* installing to library ‘/Users/runner/work/_temp/Library’\n* installing *source* package ‘simulatetimeseries’ ...\n** this is package ‘simulatetimeseries’ version ‘0.2.0’\n** using staged installation\n** R\n** byte-compile and prepare package for lazy loading\n** help\n*** installing help indices\n** building package indices\n** installing vignettes\n** testing if installed package can be loaded from temporary location\n** testing if installed package can be loaded from final location\n** testing if installed package keeps a record of temporary installation path\n* creating tarball\npackaged installation of ‘simulatetimeseries’ as ‘simulatetimeseries_0.2.0.tgz’\n* DONE (simulatetimeseries)",
      "build_time": "2025-06-23 08:51:47"
    },
    "tisthemachinelearner": {
      "package": "tisthemachinelearner",
      "status": "FAILED",
      "error_message": "No binary package found after build",
      "build_output": "* installing to library ‘/Users/runner/work/_temp/Library’\nERROR: dependency ‘RcppProgress’ is not available for package ‘tisthemachinelearner’\nPerhaps try a variation of:\ninstall.packages('RcppProgress')\n* removing ‘/Users/runner/work/_temp/Library/tisthemachinelearner’",
      "build_time": "2025-06-23 08:51:48"
    }
  }
}
