{
  "platform": "win.binary",
  "timestamp": "2025-06-17 20:22:58",
  "packages": {
    "ahead": {
      "package": "ahead",
      "status": "SUCCESS",
      "error_message": {},
      "build_output": "* installing to library 'D:/a/_temp/Library'\n* installing *source* package 'ahead' ...\n** this is package 'ahead' version '0.20.0'\n** using staged installation\n** libs\nusing C++ compiler: 'G__~1.EXE (GCC) 14.2.0'\ng++ -std=gnu++17  -I\"C:/R/include\" -DNDEBUG  -I'D:/a/_temp/Library/Rcpp/include'   -I\"C:/rtools45/x86_64-w64-mingw32.static.posix/include\"      -O2 -Wall  -mfpmath=sse -msse2 -mstackrealign    -c RcppExports.cpp -o RcppExports.o\ng++ -std=gnu++17  -I\"C:/R/include\" -DNDEBUG  -I'D:/a/_temp/Library/Rcpp/include'   -I\"C:/rtools45/x86_64-w64-mingw32.static.posix/include\"      -O2 -Wall  -mfpmath=sse -msse2 -mstackrealign    -c compute_attention.cpp -o compute_attention.o\ng++ -std=gnu++17  -I\"C:/R/include\" -DNDEBUG  -I'D:/a/_temp/Library/Rcpp/include'   -I\"C:/rtools45/x86_64-w64-mingw32.static.posix/include\"      -O2 -Wall  -mfpmath=sse -msse2 -mstackrealign    -c embedc.cpp -o embedc.o\ng++ -std=gnu++17  -I\"C:/R/include\" -DNDEBUG  -I'D:/a/_temp/Library/Rcpp/include'   -I\"C:/rtools45/x86_64-w64-mingw32.static.posix/include\"      -O2 -Wall  -mfpmath=sse -msse2 -mstackrealign    -c ml_forecast.cpp -o ml_forecast.o\ng++ -std=gnu++17  -I\"C:/R/include\" -DNDEBUG  -I'D:/a/_temp/Library/Rcpp/include'   -I\"C:/rtools45/x86_64-w64-mingw32.static.posix/include\"      -O2 -Wall  -mfpmath=sse -msse2 -mstackrealign    -c utils_armagarch.cpp -o utils_armagarch.o\ng++ -std=gnu++17  -I\"C:/R/include\" -DNDEBUG  -I'D:/a/_temp/Library/Rcpp/include'   -I\"C:/rtools45/x86_64-w64-mingw32.static.posix/include\"      -O2 -Wall  -mfpmath=sse -msse2 -mstackrealign    -c utils_matrix.cpp -o utils_matrix.o\nutils_matrix.cpp: In function 'Rcpp::NumericMatrix create_lags_cpp(Rcpp::NumericVector, int)':\nutils_matrix.cpp:14:24: warning: comparison of integer expressions of different signedness: 'int' and 'long unsigned int' [-Wsign-compare]\n   14 |       for(int p = 0; p < n_k; p++)\n      |                      ~~^~~~~\nutils_matrix.cpp: In function 'Rcpp::List create_train_inputs_cpp(Rcpp::NumericMatrix, int)':\nutils_matrix.cpp:38:20: warning: comparison of integer expressions of different signedness: 'long unsigned int' and 'int' [-Wsign-compare]\n   38 |       for(l = 1; l < k; l++) {\n      |                  ~~^~~\nutils_matrix.cpp: In function 'Rcpp::NumericMatrix reformat_cpp(Rcpp::NumericMatrix, long unsigned int)':\nutils_matrix.cpp:60:20: warning: comparison of integer expressions of different signedness: 'int' and 'long unsigned int' [-Wsign-compare]\n   60 |   for(int j = 0; j < p; j++) {\n      |                  ~~^~~\nutils_matrix.cpp:61:22: warning: comparison of integer expressions of different signedness: 'int' and 'long unsigned int' [-Wsign-compare]\n   61 |     for(int i = 0; i < n_k; i++) {\n      |                    ~~^~~~~\nutils_matrix.cpp: In function 'Rcpp::NumericMatrix rev_matrix_cpp(Rcpp::NumericMatrix)':\nutils_matrix.cpp:76:19: warning: comparison of integer expressions of different signedness: 'int' and 'long unsigned int' [-Wsign-compare]\n   76 |  for(int k = 0; k < p; k++) {\n      |                 ~~^~~\nutils_matrix.cpp: In function 'Rcpp::NumericMatrix rbind_vecmat_cpp(Rcpp::NumericVector, Rcpp::NumericMatrix)':\nutils_matrix.cpp:98:20: warning: comparison of integer expressions of different signedness: 'int' and 'long unsigned int' [-Wsign-compare]\n   98 |   for(int i = 0; i < x_nrow; i++) {\n      |                  ~~^~~~~~~~\nutils_matrix.cpp:102:20: warning: comparison of integer expressions of different signedness: 'int' and 'long unsigned int' [-Wsign-compare]\n  102 |   for(int j = 0; j < x_ncol; j++) {\n      |                  ~~^~~~~~~~\ng++ -std=gnu++17 -shared -s -static-libgcc -o ahead.dll tmp.def RcppExports.o compute_attention.o embedc.o ml_forecast.o utils_armagarch.o utils_matrix.o -LC:/rtools45/x86_64-w64-mingw32.static.posix/lib/x64 -LC:/rtools45/x86_64-w64-mingw32.static.posix/lib -LC:/R/bin/x64 -lR\ninstalling to D:/a/_temp/Library/00LOCK-ahead/00new/ahead/libs/x64\n** R\n** byte-compile and prepare package for lazy loading\n** help\n*** installing help indices\n** building package indices\n** installing vignettes\n** testing if installed package can be loaded from temporary location\n** testing if installed package can be loaded from final location\n** testing if installed package keeps a record of temporary installation path\n* MD5 sums\npackaged installation of 'ahead' as ahead_0.20.0.zip\n* DONE (ahead)",
      "build_time": "2025-06-17 20:22:59"
    },
    "bayesianrvfl": {
      "package": "bayesianrvfl",
      "status": "FAILED",
      "error_message": "No binary package found after build",
      "build_output": "* installing to library 'D:/a/_temp/Library'\nERROR: dependency 'mlbench' is not available for package 'bayesianrvfl'\nPerhaps try a variation of:\ninstall.packages('mlbench')\n* removing 'D:/a/_temp/Library/bayesianrvfl'",
      "build_time": "2025-06-17 20:23:53"
    },
    "bcn": {
      "package": "bcn",
      "status": "SUCCESS",
      "error_message": {},
      "build_output": "* installing to library 'D:/a/_temp/Library'\n* installing *source* package 'bcn' ...\n** this is package 'bcn' version '0.7.0'\n** using staged installation\n** libs\nusing C++ compiler: 'G__~1.EXE (GCC) 14.2.0'\ng++ -std=gnu++17  -I\"C:/R/include\" -DNDEBUG  -I'D:/a/_temp/Library/Rcpp/include'   -I\"C:/rtools45/x86_64-w64-mingw32.static.posix/include\"      -O2 -Wall  -mfpmath=sse -msse2 -mstackrealign    -c RcppExports.cpp -o RcppExports.o\ng++ -std=gnu++17  -I\"C:/R/include\" -DNDEBUG  -I'D:/a/_temp/Library/Rcpp/include'   -I\"C:/rtools45/x86_64-w64-mingw32.static.posix/include\"      -O2 -Wall  -mfpmath=sse -msse2 -mstackrealign    -c bcn.cpp -o bcn.o\nbcn.cpp: In function 'Rcpp::NumericVector calculate_hL_cpp(Rcpp::NumericMatrix, Rcpp::NumericVector, Rcpp::String)':\nbcn.cpp:135:1: warning: control reaches end of non-void function [-Wreturn-type]\n  135 | }\n      | ^\ng++ -std=gnu++17  -I\"C:/R/include\" -DNDEBUG  -I'D:/a/_temp/Library/Rcpp/include'   -I\"C:/rtools45/x86_64-w64-mingw32.static.posix/include\"      -O2 -Wall  -mfpmath=sse -msse2 -mstackrealign    -c rcpp_hello_world.cpp -o rcpp_hello_world.o\ng++ -std=gnu++17 -shared -s -static-libgcc -o bcn.dll tmp.def RcppExports.o bcn.o rcpp_hello_world.o -LC:/rtools45/x86_64-w64-mingw32.static.posix/lib/x64 -LC:/rtools45/x86_64-w64-mingw32.static.posix/lib -LC:/R/bin/x64 -lR\ninstalling to D:/a/_temp/Library/00LOCK-bcn/00new/bcn/libs/x64\n** R\n** data\n*** moving datasets to lazyload DB\n** byte-compile and prepare package for lazy loading\n** help\n*** installing help indices\n** building package indices\n** installing vignettes\n** testing if installed package can be loaded from temporary location\n** testing if installed package can be loaded from final location\n** testing if installed package keeps a record of temporary installation path\n* MD5 sums\npackaged installation of 'bcn' as bcn_0.7.0.zip\n* DONE (bcn)",
      "build_time": "2025-06-17 20:23:54"
    },
    "crossvalidation": {
      "package": "crossvalidation",
      "status": "SUCCESS",
      "error_message": {},
      "build_output": "* installing to library 'D:/a/_temp/Library'\n* installing *source* package 'crossvalidation' ...\n** this is package 'crossvalidation' version '0.5.0'\n** using staged installation\n** R\n** byte-compile and prepare package for lazy loading\n** help\n*** installing help indices\n** building package indices\n** installing vignettes\n** testing if installed package can be loaded from temporary location\n** testing if installed package can be loaded from final location\n** testing if installed package keeps a record of temporary installation path\n* MD5 sums\npackaged installation of 'crossvalidation' as crossvalidation_0.5.0.zip\n* DONE (crossvalidation)",
      "build_time": "2025-06-17 20:24:05"
    },
    "esgtoolkit": {
      "package": "esgtoolkit",
      "status": "SUCCESS",
      "error_message": {},
      "build_output": "* installing to library 'D:/a/_temp/Library'\n* installing *source* package 'esgtoolkit' ...\n** this is package 'esgtoolkit' version '1.3.0'\n** using staged installation\n** libs\nusing C++ compiler: 'G__~1.EXE (GCC) 14.2.0'\ng++ -std=gnu++17  -I\"C:/R/include\" -DNDEBUG  -I'D:/a/_temp/Library/Rcpp/include'   -I\"C:/rtools45/x86_64-w64-mingw32.static.posix/include\"      -O2 -Wall  -mfpmath=sse -msse2 -mstackrealign    -c RcppExports.cpp -o RcppExports.o\ng++ -std=gnu++17  -I\"C:/R/include\" -DNDEBUG  -I'D:/a/_temp/Library/Rcpp/include'   -I\"C:/rtools45/x86_64-w64-mingw32.static.posix/include\"      -O2 -Wall  -mfpmath=sse -msse2 -mstackrealign    -c esg2.cpp -o esg2.o\ng++ -std=gnu++17 -shared -s -static-libgcc -o esgtoolkit.dll tmp.def RcppExports.o esg2.o -LC:/rtools45/x86_64-w64-mingw32.static.posix/lib/x64 -LC:/rtools45/x86_64-w64-mingw32.static.posix/lib -LC:/R/bin/x64 -lR\ninstalling to D:/a/_temp/Library/00LOCK-esgtoolkit/00new/esgtoolkit/libs/x64\n** R\n** byte-compile and prepare package for lazy loading\n** help\n*** installing help indices\n** building package indices\n** installing vignettes\n** testing if installed package can be loaded from temporary location\n** testing if installed package can be loaded from final location\n** testing if installed package keeps a record of temporary installation path\n* MD5 sums\npackaged installation of 'esgtoolkit' as esgtoolkit_1.3.0.zip\n* DONE (esgtoolkit)",
      "build_time": "2025-06-17 20:24:08"
    },
    "forecastingapi": {
      "package": "forecastingapi",
      "status": "SUCCESS",
      "error_message": {},
      "build_output": "* installing to library 'D:/a/_temp/Library'\n* installing *source* package 'forecastingapi' ...\n** this is package 'forecastingapi' version '0.4.0'\n** using staged installation\n** R\n** byte-compile and prepare package for lazy loading\n** help\n*** installing help indices\n** building package indices\n** installing vignettes\n** testing if installed package can be loaded from temporary location\n** testing if installed package can be loaded from final location\n** testing if installed package keeps a record of temporary installation path\n* MD5 sums\npackaged installation of 'forecastingapi' as forecastingapi_0.4.0.zip\n* DONE (forecastingapi)",
      "build_time": "2025-06-17 20:24:21"
    },
    "learningmachine": {
      "package": "learningmachine",
      "status": "FAILED",
      "error_message": "No binary package found after build",
      "build_output": "* installing to library 'D:/a/_temp/Library'\n* installing *source* package 'learningmachine' ...\n** this is package 'learningmachine' version '2.8.0'\n** using staged installation\n** libs\nusing C++ compiler: 'G__~1.EXE (GCC) 14.2.0'\ng++ -std=gnu++17  -I\"C:/R/include\" -DNDEBUG  -I'D:/a/_temp/Library/Rcpp/include'   -I\"C:/rtools45/x86_64-w64-mingw32.static.posix/include\"      -O2 -Wall  -mfpmath=sse -msse2 -mstackrealign    -c RcppExports.cpp -o RcppExports.o\ng++ -std=gnu++17  -I\"C:/R/include\" -DNDEBUG  -I'D:/a/_temp/Library/Rcpp/include'   -I\"C:/rtools45/x86_64-w64-mingw32.static.posix/include\"      -O2 -Wall  -mfpmath=sse -msse2 -mstackrealign    -c compute_probs.cpp -o compute_probs.o\ng++ -std=gnu++17  -I\"C:/R/include\" -DNDEBUG  -I'D:/a/_temp/Library/Rcpp/include'   -I\"C:/rtools45/x86_64-w64-mingw32.static.posix/include\"      -O2 -Wall  -mfpmath=sse -msse2 -mstackrealign    -c matern32.cpp -o matern32.o\nIn file included from D:/a/_temp/Library/Rcpp/include/Rcpp/Vector.h:51,\n                 from D:/a/_temp/Library/Rcpp/include/Rcpp.h:40,\n                 from matern32.cpp:1:\nIn member function 'Rcpp::Vector<RTYPE, StoragePolicy>::Proxy Rcpp::Vector<RTYPE, StoragePolicy>::operator()(const size_t&) [with int RTYPE = 14; StoragePolicy = Rcpp::PreserveStorage]',\n    inlined from 'double find_lam_eigen(Rcpp::NumericMatrix, Rcpp::NumericVector, Rcpp::NumericVector, Rcpp::NumericVector)' at matern32.cpp:343:28:\nD:/a/_temp/Library/Rcpp/include/Rcpp/vector/Vector.h:344:25: warning: 'i_opt' may be used uninitialized [-Wmaybe-uninitialized]\n  344 |         return cache.ref( offset(i) ) ;\n      |                ~~~~~~~~~^~~~~~~~~~~~~\nmatern32.cpp: In function 'double find_lam_eigen(Rcpp::NumericMatrix, Rcpp::NumericVector, Rcpp::NumericVector, Rcpp::NumericVector)':\nmatern32.cpp:324:21: note: 'i_opt' was declared here\n  324 |   unsigned long int i_opt;\n      |                     ^~~~~\ng++ -std=gnu++17  -I\"C:/R/include\" -DNDEBUG  -I'D:/a/_temp/Library/Rcpp/include'   -I\"C:/rtools45/x86_64-w64-mingw32.static.posix/include\"      -O2 -Wall  -mfpmath=sse -msse2 -mstackrealign    -c sampling.cpp -o sampling.o\ng++ -std=gnu++17  -I\"C:/R/include\" -DNDEBUG  -I'D:/a/_temp/Library/Rcpp/include'   -I\"C:/rtools45/x86_64-w64-mingw32.static.posix/include\"      -O2 -Wall  -mfpmath=sse -msse2 -mstackrealign    -c utils_classification.cpp -o utils_classification.o\ng++ -std=gnu++17 -shared -s -static-libgcc -o learningmachine.dll tmp.def RcppExports.o compute_probs.o matern32.o sampling.o utils_classification.o -LC:/rtools45/x86_64-w64-mingw32.static.posix/lib/x64 -LC:/rtools45/x86_64-w64-mingw32.static.posix/lib -LC:/R/bin/x64 -lR\ninstalling to D:/a/_temp/Library/00LOCK-learningmachine/00new/learningmachine/libs/x64\n** R\n** byte-compile and prepare package for lazy loading\n** help\n*** installing help indices\n** building package indices\n** installing vignettes\n** testing if installed package can be loaded from temporary location\nUsing bundled GitHub PAT. Please add your own PAT using `gitcreds::gitcreds_set()`\nError: package or namespace load failed for 'learningmachine':\n .onLoad failed in loadNamespace() for 'learningmachine', details:\n  call: NULL\n  error: Failed to install 'unknown package' from GitHub:\n  HTTP error 401.\n  Bad credentials\n\n  Rate limit remaining: 59/60\n  Rate limit reset at: 2025-06-17 21:25:01 UTC\n\n  \nError: loading failed\nExecution halted\nERROR: loading failed\n* removing 'D:/a/_temp/Library/learningmachine'",
      "build_time": "2025-06-17 20:24:22"
    },
    "misc": {
      "package": "misc",
      "status": "SUCCESS",
      "error_message": {},
      "build_output": "* installing to library 'D:/a/_temp/Library'\n* installing *source* package 'misc' ...\n** this is package 'misc' version '0.5.1'\n** using staged installation\n** R\n** byte-compile and prepare package for lazy loading\n** help\n*** installing help indices\n** building package indices\n** installing vignettes\n** testing if installed package can be loaded from temporary location\n** testing if installed package can be loaded from final location\n** testing if installed package keeps a record of temporary installation path\n* MD5 sums\npackaged installation of 'misc' as misc_0.5.1.zip\n* DONE (misc)",
      "build_time": "2025-06-17 20:25:02"
    },
    "mlsauce": {
      "package": "mlsauce",
      "status": "SUCCESS",
      "error_message": {},
      "build_output": "* installing to library 'D:/a/_temp/Library'\n* installing *source* package 'mlsauce' ...\n** this is package 'mlsauce' version '0.22.4'\n** using staged installation\n** R\n** byte-compile and prepare package for lazy loading\n** help\n*** installing help indices\n** building package indices\n** testing if installed package can be loaded from temporary location\nCreating Python virtual environment...\ninstalling sklearn from r-reticulate...\nUsing Python: C:/hostedtoolcache/windows/Python/3.13.4/x64/python.exe\nCreating virtual environment \"~/.virtualenvs/r-reticulate\" ... \n+ \"C:/hostedtoolcache/windows/Python/3.13.4/x64/python.exe\" -m venv \"C:\\Users\\runneradmin\\Documents/.virtualenvs/r-reticulate\"\nDone!\nInstalling packages: pip, wheel, setuptools\n+ \"C:\\Users\\runneradmin\\Documents/.virtualenvs/r-reticulate/Scripts/python.exe\" -m pip install --upgrade pip wheel setuptools\nRequirement already satisfied: pip in c:\\users\\runner~1\\docume~1\\virtua~1\\r-reti~1\\lib\\site-packages (25.1.1)\nCollecting wheel\n  Downloading wheel-0.45.1-py3-none-any.whl.metadata (2.3 kB)\nCollecting setuptools\n  Downloading setuptools-80.9.0-py3-none-any.whl.metadata (6.6 kB)\nDownloading wheel-0.45.1-py3-none-any.whl (72 kB)\nDownloading setuptools-80.9.0-py3-none-any.whl (1.2 MB)\n   ---------------------------------------- 1.2/1.2 MB 28.4 MB/s eta 0:00:00\nInstalling collected packages: wheel, setuptools\n\nSuccessfully installed setuptools-80.9.0 wheel-0.45.1\nVirtual environment '~/.virtualenvs/r-reticulate' successfully created.\nUsing virtual environment \"~/.virtualenvs/r-reticulate\" ...\n+ \"C:\\Users\\runneradmin\\Documents/.virtualenvs/r-reticulate/Scripts/python.exe\" -m pip install --upgrade --no-user scikit-learn\nCollecting scikit-learn\n  Downloading scikit_learn-1.7.0-cp313-cp313-win_amd64.whl.metadata (14 kB)\nCollecting numpy>=1.22.0 (from scikit-learn)\n  Downloading numpy-2.3.0-cp313-cp313-win_amd64.whl.metadata (60 kB)\nCollecting scipy>=1.8.0 (from scikit-learn)\n  Downloading scipy-1.15.3-cp313-cp313-win_amd64.whl.metadata (60 kB)\nCollecting joblib>=1.2.0 (from scikit-learn)\n  Downloading joblib-1.5.1-py3-none-any.whl.metadata (5.6 kB)\nCollecting threadpoolctl>=3.1.0 (from scikit-learn)\n  Downloading threadpoolctl-3.6.0-py3-none-any.whl.metadata (13 kB)\nDownloading scikit_learn-1.7.0-cp313-cp313-win_amd64.whl (10.7 MB)\n   ---------------------------------------- 10.7/10.7 MB 128.3 MB/s eta 0:00:00\nDownloading joblib-1.5.1-py3-none-any.whl (307 kB)\nDownloading numpy-2.3.0-cp313-cp313-win_amd64.whl (12.7 MB)\n   ---------------------------------------- 12.7/12.7 MB 123.7 MB/s eta 0:00:00\nDownloading scipy-1.15.3-cp313-cp313-win_amd64.whl (41.0 MB)\n   ---------------------------------------- 41.0/41.0 MB 99.2 MB/s eta 0:00:00\nDownloading threadpoolctl-3.6.0-py3-none-any.whl (18 kB)\nInstalling collected packages: threadpoolctl, numpy, joblib, scipy, scikit-learn\n\nSuccessfully installed joblib-1.5.1 numpy-2.3.0 scikit-learn-1.7.0 scipy-1.15.3 threadpoolctl-3.6.0\nUsing virtual environment \"C:/Users/runneradmin/Documents/.virtualenvs/r-reticulate\" ...\n+ \"C:/Users/runneradmin/Documents/.virtualenvs/r-reticulate/Scripts/python.exe\" -m pip install --upgrade --no-user \"git+https://github.com/Techtonique/mlsauce.git\"\nCollecting git+https://github.com/Techtonique/mlsauce.git\n  Cloning https://github.com/Techtonique/mlsauce.git to c:\\users\\runneradmin\\appdata\\local\\temp\\pip-req-build-_5cgdyyz\n  Running command git clone --filter=blob:none --quiet https://github.com/Techtonique/mlsauce.git 'C:\\Users\\runneradmin\\AppData\\Local\\Temp\\pip-req-build-_5cgdyyz'\n  Resolved https://github.com/Techtonique/mlsauce.git to commit 017c735f8e37d0744721a30f5d7859244fc7935f\n  Preparing metadata (setup.py): started\n  Preparing metadata (setup.py): finished with status 'error'\n  error: subprocess-exited-with-error\n  \n  python setup.py egg_info did not run successfully.\n  exit code: 1\n  \n  [52 lines of output]\n  Collecting numpy\n    Downloading numpy-2.0.2-cp39-cp39-win_amd64.whl.metadata (59 kB)\n  Downloading numpy-2.0.2-cp39-cp39-win_amd64.whl (15.9 MB)\n     ---------------------------------------- 15.9/15.9 MB 142.3 MB/s eta 0:00:00\n  Installing collected packages: numpy\n  Successfully installed numpy-2.0.2\n  Collecting scipy\n    Downloading scipy-1.13.1-cp39-cp39-win_amd64.whl.metadata (60 kB)\n  Requirement already satisfied: numpy<2.3,>=1.22.4 in c:\\hostedtoolcache\\windows\\python\\3.9.13\\x64\\lib\\site-packages (from scipy) (2.0.2)\n  Downloading scipy-1.13.1-cp39-cp39-win_amd64.whl (46.2 MB)\n     ---------------------------------------- 46.2/46.2 MB 86.6 MB/s eta 0:00:00\n  Installing collected packages: scipy\n  Successfully installed scipy-1.13.1\n  Collecting requests\n    Downloading requests-2.32.4-py3-none-any.whl.metadata (4.9 kB)\n  Collecting charset_normalizer<4,>=2 (from requests)\n    Downloading charset_normalizer-3.4.2-cp39-cp39-win_amd64.whl.metadata (36 kB)\n  Collecting idna<4,>=2.5 (from requests)\n    Downloading idna-3.10-py3-none-any.whl.metadata (10 kB)\n  Collecting urllib3<3,>=1.21.1 (from requests)\n    Downloading urllib3-2.4.0-py3-none-any.whl.metadata (6.5 kB)\n  Collecting certifi>=2017.4.17 (from requests)\n    Downloading certifi-2025.6.15-py3-none-any.whl.metadata (2.4 kB)\n  Downloading requests-2.32.4-py3-none-any.whl (64 kB)\n  Downloading charset_normalizer-3.4.2-cp39-cp39-win_amd64.whl (105 kB)\n  Downloading idna-3.10-py3-none-any.whl (70 kB)\n  Downloading urllib3-2.4.0-py3-none-any.whl (128 kB)\n  Downloading certifi-2025.6.15-py3-none-any.whl (157 kB)\n  Installing collected packages: urllib3, idna, charset_normalizer, certifi, requests\n  \n  Successfully installed certifi-2025.6.15 charset_normalizer-3.4.2 idna-3.10 requests-2.32.4 urllib3-2.4.0\n  Collecting Cython\n    Downloading cython-3.1.2-cp39-cp39-win_amd64.whl.metadata (6.0 kB)\n  Downloading cython-3.1.2-cp39-cp39-win_amd64.whl (2.7 MB)\n     ---------------------------------------- 2.7/2.7 MB 75.7 MB/s eta 0:00:00\n  Installing collected packages: Cython\n  Successfully installed Cython-3.1.2\n  Traceback (most recent call last):\n    File \"<string>\", line 2, in <module>\n      exec(compile('''\n      ~~~~^^^^^^^^^^^^\n      # This is <pip-setuptools-caller> -- a caller that pip uses to run setup.py\n      ^^^^^^^^^^^^^^^^^^^^^^^^^^^^^^^^^^^^^^^^^^^^^^^^^^^^^^^^^^^^^^^^^^^^^^^^^^^\n      ...<32 lines>...\n      exec(compile(setup_py_code, filename, \"exec\"))\n      ^^^^^^^^^^^^^^^^^^^^^^^^^^^^^^^^^^^^^^^^^^^^^^\n      ''' % ('C:\\\\Users\\\\runneradmin\\\\AppData\\\\Local\\\\Temp\\\\pip-req-build-_5cgdyyz\\\\setup.py',), \"<pip-setuptools-caller>\", \"exec\"))\n      ^^^^^^^^^^^^^^^^^^^^^^^^^^^^^^^^^^^^^^^^^^^^^^^^^^^^^^^^^^^^^^^^^^^^^^^^^^^^^^^^^^^^^^^^^^^^^^^^^^^^^^^^^^^^^^^^^^^^^^^^^^^^^^\n    File \"<pip-setuptools-caller>\", line 35, in <module>\n    File \"C:\\Users\\runneradmin\\AppData\\Local\\Temp\\pip-req-build-_5cgdyyz\\setup.py\", line 29, in <module>\n      from Cython.Build import cythonize\n  ModuleNotFoundError: No module named 'Cython'\n  [end of output]\n  \n  note: This error originates from a subprocess, and is likely not a problem with pip.\nerror: metadata-generation-failed\n\nEncountered error while generating package metadata.\n\nSee above for output.\n\nnote: This is an issue with the package mentioned above, not pip.\nhint: See above for details.\nImporting sklearn from Global Env...\nCollecting git+https://github.com/Techtonique/mlsauce.git\n  Cloning https://github.com/Techtonique/mlsauce.git to c:\\users\\runneradmin\\appdata\\local\\temp\\pip-req-build-3qfr841z\n  Running command git clone --filter=blob:none --quiet https://github.com/Techtonique/mlsauce.git 'C:\\Users\\runneradmin\\AppData\\Local\\Temp\\pip-req-build-3qfr841z'\n  Resolved https://github.com/Techtonique/mlsauce.git to commit 017c735f8e37d0744721a30f5d7859244fc7935f\n  Installing build dependencies: started\n  Installing build dependencies: finished with status 'done'\n  Getting requirements to build wheel: started\n  Getting requirements to build wheel: finished with status 'error'\n  error: subprocess-exited-with-error\n  \n  Getting requirements to build wheel did not run successfully.\n  exit code: 1\n  \n  [45 lines of output]\n  Traceback (most recent call last):\n    File \"C:\\hostedtoolcache\\windows\\Python\\3.9.13\\x64\\lib\\runpy.py\", line 197, in _run_module_as_main\n      return _run_code(code, main_globals, None,\n    File \"C:\\hostedtoolcache\\windows\\Python\\3.9.13\\x64\\lib\\runpy.py\", line 87, in _run_code\n      exec(code, run_globals)\n    File \"C:\\hostedtoolcache\\windows\\Python\\3.9.13\\x64\\Scripts\\pip.exe\\__main__.py\", line 4, in <module>\n  ModuleNotFoundError: No module named 'pip'\n  Traceback (most recent call last):\n    File \"C:\\hostedtoolcache\\windows\\Python\\3.9.13\\x64\\lib\\runpy.py\", line 197, in _run_module_as_main\n      return _run_code(code, main_globals, None,\n    File \"C:\\hostedtoolcache\\windows\\Python\\3.9.13\\x64\\lib\\runpy.py\", line 87, in _run_code\n      exec(code, run_globals)\n    File \"C:\\hostedtoolcache\\windows\\Python\\3.9.13\\x64\\Scripts\\pip.exe\\__main__.py\", line 4, in <module>\n  ModuleNotFoundError: No module named 'pip'\n  Traceback (most recent call last):\n    File \"C:\\hostedtoolcache\\windows\\Python\\3.9.13\\x64\\lib\\runpy.py\", line 197, in _run_module_as_main\n      return _run_code(code, main_globals, None,\n    File \"C:\\hostedtoolcache\\windows\\Python\\3.9.13\\x64\\lib\\runpy.py\", line 87, in _run_code\n      exec(code, run_globals)\n    File \"C:\\hostedtoolcache\\windows\\Python\\3.9.13\\x64\\Scripts\\pip.exe\\__main__.py\", line 4, in <module>\n  ModuleNotFoundError: No module named 'pip'\n  Traceback (most recent call last):\n    File \"C:\\hostedtoolcache\\windows\\Python\\3.9.13\\x64\\lib\\runpy.py\", line 197, in _run_module_as_main\n      return _run_code(code, main_globals, None,\n    File \"C:\\hostedtoolcache\\windows\\Python\\3.9.13\\x64\\lib\\runpy.py\", line 87, in _run_code\n      exec(code, run_globals)\n    File \"C:\\hostedtoolcache\\windows\\Python\\3.9.13\\x64\\Scripts\\pip.exe\\__main__.py\", line 4, in <module>\n  ModuleNotFoundError: No module named 'pip'\n  Traceback (most recent call last):\n    File \"C:\\hostedtoolcache\\windows\\Python\\3.9.13\\x64\\lib\\site-packages\\pip\\_vendor\\pyproject_hooks\\_in_process\\_in_process.py\", line 389, in <module>\n      main()\n    File \"C:\\hostedtoolcache\\windows\\Python\\3.9.13\\x64\\lib\\site-packages\\pip\\_vendor\\pyproject_hooks\\_in_process\\_in_process.py\", line 373, in main\n      json_out[\"return_val\"] = hook(**hook_input[\"kwargs\"])\n    File \"C:\\hostedtoolcache\\windows\\Python\\3.9.13\\x64\\lib\\site-packages\\pip\\_vendor\\pyproject_hooks\\_in_process\\_in_process.py\", line 143, in get_requires_for_build_wheel\n      return hook(config_settings)\n    File \"C:\\Users\\runneradmin\\AppData\\Local\\Temp\\pip-build-env-i9qdf5zx\\overlay\\Lib\\site-packages\\setuptools\\build_meta.py\", line 331, in get_requires_for_build_wheel\n      return self._get_build_requires(config_settings, requirements=[])\n    File \"C:\\Users\\runneradmin\\AppData\\Local\\Temp\\pip-build-env-i9qdf5zx\\overlay\\Lib\\site-packages\\setuptools\\build_meta.py\", line 301, in _get_build_requires\n      self.run_setup()\n    File \"C:\\Users\\runneradmin\\AppData\\Local\\Temp\\pip-build-env-i9qdf5zx\\overlay\\Lib\\site-packages\\setuptools\\build_meta.py\", line 512, in run_setup\n      super().run_setup(setup_script=setup_script)\n    File \"C:\\Users\\runneradmin\\AppData\\Local\\Temp\\pip-build-env-i9qdf5zx\\overlay\\Lib\\site-packages\\setuptools\\build_meta.py\", line 317, in run_setup\n      exec(code, locals())\n    File \"<string>\", line 28, in <module>\n  ModuleNotFoundError: No module named 'numpy'\n  [end of output]\n  \n  note: This error originates from a subprocess, and is likely not a problem with pip.\nerror: subprocess-exited-with-error\n\nGetting requirements to build wheel did not run successfully.\nexit code: 1\n\nSee above for output.\n\nnote: This error originates from a subprocess, and is likely not a problem with pip.\n** testing if installed package can be loaded from final location\nCreating Python virtual environment...\ninstalling sklearn from r-reticulate...\nUsing virtual environment \"C:/Users/runneradmin/Documents/.virtualenvs/r-reticulate\" ...\n+ \"C:/Users/runneradmin/Documents/.virtualenvs/r-reticulate/Scripts/python.exe\" -m pip install --upgrade --no-user scikit-learn\nRequirement already satisfied: scikit-learn in c:\\users\\runner~1\\docume~1\\virtua~1\\r-reti~1\\lib\\site-packages (1.7.0)\nRequirement already satisfied: numpy>=1.22.0 in c:\\users\\runner~1\\docume~1\\virtua~1\\r-reti~1\\lib\\site-packages (from scikit-learn) (2.3.0)\nRequirement already satisfied: scipy>=1.8.0 in c:\\users\\runner~1\\docume~1\\virtua~1\\r-reti~1\\lib\\site-packages (from scikit-learn) (1.15.3)\nRequirement already satisfied: joblib>=1.2.0 in c:\\users\\runner~1\\docume~1\\virtua~1\\r-reti~1\\lib\\site-packages (from scikit-learn) (1.5.1)\nRequirement already satisfied: threadpoolctl>=3.1.0 in c:\\users\\runner~1\\docume~1\\virtua~1\\r-reti~1\\lib\\site-packages (from scikit-learn) (3.6.0)\nUsing virtual environment \"C:/Users/runneradmin/Documents/.virtualenvs/r-reticulate\" ...\n+ \"C:/Users/runneradmin/Documents/.virtualenvs/r-reticulate/Scripts/python.exe\" -m pip install --upgrade --no-user \"git+https://github.com/Techtonique/mlsauce.git\"\nCollecting git+https://github.com/Techtonique/mlsauce.git\n  Cloning https://github.com/Techtonique/mlsauce.git to c:\\users\\runneradmin\\appdata\\local\\temp\\pip-req-build-es4wqt5l\n  Running command git clone --filter=blob:none --quiet https://github.com/Techtonique/mlsauce.git 'C:\\Users\\runneradmin\\AppData\\Local\\Temp\\pip-req-build-es4wqt5l'\n  Resolved https://github.com/Techtonique/mlsauce.git to commit 017c735f8e37d0744721a30f5d7859244fc7935f\n  Preparing metadata (setup.py): started\n  Preparing metadata (setup.py): finished with status 'error'\n  error: subprocess-exited-with-error\n  \n  python setup.py egg_info did not run successfully.\n  exit code: 1\n  \n  [24 lines of output]\n  Requirement already satisfied: numpy in c:\\hostedtoolcache\\windows\\python\\3.9.13\\x64\\lib\\site-packages (2.0.2)\n  Requirement already satisfied: scipy in c:\\hostedtoolcache\\windows\\python\\3.9.13\\x64\\lib\\site-packages (1.13.1)\n  Requirement already satisfied: numpy<2.3,>=1.22.4 in c:\\hostedtoolcache\\windows\\python\\3.9.13\\x64\\lib\\site-packages (from scipy) (2.0.2)\n  Requirement already satisfied: requests in c:\\hostedtoolcache\\windows\\python\\3.9.13\\x64\\lib\\site-packages (2.32.4)\n  Requirement already satisfied: charset_normalizer<4,>=2 in c:\\hostedtoolcache\\windows\\python\\3.9.13\\x64\\lib\\site-packages (from requests) (3.4.2)\n  Requirement already satisfied: idna<4,>=2.5 in c:\\hostedtoolcache\\windows\\python\\3.9.13\\x64\\lib\\site-packages (from requests) (3.10)\n  Requirement already satisfied: urllib3<3,>=1.21.1 in c:\\hostedtoolcache\\windows\\python\\3.9.13\\x64\\lib\\site-packages (from requests) (2.4.0)\n  Requirement already satisfied: certifi>=2017.4.17 in c:\\hostedtoolcache\\windows\\python\\3.9.13\\x64\\lib\\site-packages (from requests) (2025.6.15)\n  Requirement already satisfied: Cython in c:\\hostedtoolcache\\windows\\python\\3.9.13\\x64\\lib\\site-packages (3.1.2)\n  Traceback (most recent call last):\n    File \"<string>\", line 2, in <module>\n      exec(compile('''\n      ~~~~^^^^^^^^^^^^\n      # This is <pip-setuptools-caller> -- a caller that pip uses to run setup.py\n      ^^^^^^^^^^^^^^^^^^^^^^^^^^^^^^^^^^^^^^^^^^^^^^^^^^^^^^^^^^^^^^^^^^^^^^^^^^^\n      ...<32 lines>...\n      exec(compile(setup_py_code, filename, \"exec\"))\n      ^^^^^^^^^^^^^^^^^^^^^^^^^^^^^^^^^^^^^^^^^^^^^^\n      ''' % ('C:\\\\Users\\\\runneradmin\\\\AppData\\\\Local\\\\Temp\\\\pip-req-build-es4wqt5l\\\\setup.py',), \"<pip-setuptools-caller>\", \"exec\"))\n      ^^^^^^^^^^^^^^^^^^^^^^^^^^^^^^^^^^^^^^^^^^^^^^^^^^^^^^^^^^^^^^^^^^^^^^^^^^^^^^^^^^^^^^^^^^^^^^^^^^^^^^^^^^^^^^^^^^^^^^^^^^^^^^\n    File \"<pip-setuptools-caller>\", line 35, in <module>\n    File \"C:\\Users\\runneradmin\\AppData\\Local\\Temp\\pip-req-build-es4wqt5l\\setup.py\", line 29, in <module>\n      from Cython.Build import cythonize\n  ModuleNotFoundError: No module named 'Cython'\n  [end of output]\n  \n  note: This error originates from a subprocess, and is likely not a problem with pip.\nerror: metadata-generation-failed\n\nEncountered error while generating package metadata.\n\nSee above for output.\n\nnote: This is an issue with the package mentioned above, not pip.\nhint: See above for details.\nImporting sklearn from Global Env...\nCollecting git+https://github.com/Techtonique/mlsauce.git\n  Cloning https://github.com/Techtonique/mlsauce.git to c:\\users\\runneradmin\\appdata\\local\\temp\\pip-req-build-30_hd3ht\n  Running command git clone --filter=blob:none --quiet https://github.com/Techtonique/mlsauce.git 'C:\\Users\\runneradmin\\AppData\\Local\\Temp\\pip-req-build-30_hd3ht'\n  Resolved https://github.com/Techtonique/mlsauce.git to commit 017c735f8e37d0744721a30f5d7859244fc7935f\n  Installing build dependencies: started\n  Installing build dependencies: finished with status 'done'\n  Getting requirements to build wheel: started\n  Getting requirements to build wheel: finished with status 'error'\n  error: subprocess-exited-with-error\n  \n  Getting requirements to build wheel did not run successfully.\n  exit code: 1\n  \n  [45 lines of output]\n  Traceback (most recent call last):\n    File \"C:\\hostedtoolcache\\windows\\Python\\3.9.13\\x64\\lib\\runpy.py\", line 197, in _run_module_as_main\n      return _run_code(code, main_globals, None,\n    File \"C:\\hostedtoolcache\\windows\\Python\\3.9.13\\x64\\lib\\runpy.py\", line 87, in _run_code\n      exec(code, run_globals)\n    File \"C:\\hostedtoolcache\\windows\\Python\\3.9.13\\x64\\Scripts\\pip.exe\\__main__.py\", line 4, in <module>\n  ModuleNotFoundError: No module named 'pip'\n  Traceback (most recent call last):\n    File \"C:\\hostedtoolcache\\windows\\Python\\3.9.13\\x64\\lib\\runpy.py\", line 197, in _run_module_as_main\n      return _run_code(code, main_globals, None,\n    File \"C:\\hostedtoolcache\\windows\\Python\\3.9.13\\x64\\lib\\runpy.py\", line 87, in _run_code\n      exec(code, run_globals)\n    File \"C:\\hostedtoolcache\\windows\\Python\\3.9.13\\x64\\Scripts\\pip.exe\\__main__.py\", line 4, in <module>\n  ModuleNotFoundError: No module named 'pip'\n  Traceback (most recent call last):\n    File \"C:\\hostedtoolcache\\windows\\Python\\3.9.13\\x64\\lib\\runpy.py\", line 197, in _run_module_as_main\n      return _run_code(code, main_globals, None,\n    File \"C:\\hostedtoolcache\\windows\\Python\\3.9.13\\x64\\lib\\runpy.py\", line 87, in _run_code\n      exec(code, run_globals)\n    File \"C:\\hostedtoolcache\\windows\\Python\\3.9.13\\x64\\Scripts\\pip.exe\\__main__.py\", line 4, in <module>\n  ModuleNotFoundError: No module named 'pip'\n  Traceback (most recent call last):\n    File \"C:\\hostedtoolcache\\windows\\Python\\3.9.13\\x64\\lib\\runpy.py\", line 197, in _run_module_as_main\n      return _run_code(code, main_globals, None,\n    File \"C:\\hostedtoolcache\\windows\\Python\\3.9.13\\x64\\lib\\runpy.py\", line 87, in _run_code\n      exec(code, run_globals)\n    File \"C:\\hostedtoolcache\\windows\\Python\\3.9.13\\x64\\Scripts\\pip.exe\\__main__.py\", line 4, in <module>\n  ModuleNotFoundError: No module named 'pip'\n  Traceback (most recent call last):\n    File \"C:\\hostedtoolcache\\windows\\Python\\3.9.13\\x64\\lib\\site-packages\\pip\\_vendor\\pyproject_hooks\\_in_process\\_in_process.py\", line 389, in <module>\n      main()\n    File \"C:\\hostedtoolcache\\windows\\Python\\3.9.13\\x64\\lib\\site-packages\\pip\\_vendor\\pyproject_hooks\\_in_process\\_in_process.py\", line 373, in main\n      json_out[\"return_val\"] = hook(**hook_input[\"kwargs\"])\n    File \"C:\\hostedtoolcache\\windows\\Python\\3.9.13\\x64\\lib\\site-packages\\pip\\_vendor\\pyproject_hooks\\_in_process\\_in_process.py\", line 143, in get_requires_for_build_wheel\n      return hook(config_settings)\n    File \"C:\\Users\\runneradmin\\AppData\\Local\\Temp\\pip-build-env-r8ez6jb0\\overlay\\Lib\\site-packages\\setuptools\\build_meta.py\", line 331, in get_requires_for_build_wheel\n      return self._get_build_requires(config_settings, requirements=[])\n    File \"C:\\Users\\runneradmin\\AppData\\Local\\Temp\\pip-build-env-r8ez6jb0\\overlay\\Lib\\site-packages\\setuptools\\build_meta.py\", line 301, in _get_build_requires\n      self.run_setup()\n    File \"C:\\Users\\runneradmin\\AppData\\Local\\Temp\\pip-build-env-r8ez6jb0\\overlay\\Lib\\site-packages\\setuptools\\build_meta.py\", line 512, in run_setup\n      super().run_setup(setup_script=setup_script)\n    File \"C:\\Users\\runneradmin\\AppData\\Local\\Temp\\pip-build-env-r8ez6jb0\\overlay\\Lib\\site-packages\\setuptools\\build_meta.py\", line 317, in run_setup\n      exec(code, locals())\n    File \"<string>\", line 28, in <module>\n  ModuleNotFoundError: No module named 'numpy'\n  [end of output]\n  \n  note: This error originates from a subprocess, and is likely not a problem with pip.\nerror: subprocess-exited-with-error\n\nGetting requirements to build wheel did not run successfully.\nexit code: 1\n\nSee above for output.\n\nnote: This error originates from a subprocess, and is likely not a problem with pip.\n** testing if installed package keeps a record of temporary installation path\n* MD5 sums\npackaged installation of 'mlsauce' as mlsauce_0.22.4.zip\n* DONE (mlsauce)",
      "build_time": "2025-06-17 20:25:04"
    },
    "nnetsauce": {
      "package": "nnetsauce",
      "status": "SUCCESS",
      "error_message": {},
      "build_output": "* installing to library 'D:/a/_temp/Library'\n* installing *source* package 'nnetsauce' ...\n** this is package 'nnetsauce' version '0.31.1'\n** using staged installation\n** R\n** byte-compile and prepare package for lazy loading\n** help\n*** installing help indices\n** building package indices\n** testing if installed package can be loaded from temporary location\nCreating Python virtual environment...\nInstalling sklearn from r-reticulate...\nUsing virtual environment \"C:/Users/runneradmin/Documents/.virtualenvs/r-reticulate\" ...\n+ \"C:/Users/runneradmin/Documents/.virtualenvs/r-reticulate/Scripts/python.exe\" -m pip install --upgrade --no-user --ignore-installed scikit-learn\nCollecting scikit-learn\n  Using cached scikit_learn-1.7.0-cp313-cp313-win_amd64.whl.metadata (14 kB)\nCollecting numpy>=1.22.0 (from scikit-learn)\n  Using cached numpy-2.3.0-cp313-cp313-win_amd64.whl.metadata (60 kB)\nCollecting scipy>=1.8.0 (from scikit-learn)\n  Using cached scipy-1.15.3-cp313-cp313-win_amd64.whl.metadata (60 kB)\nCollecting joblib>=1.2.0 (from scikit-learn)\n  Using cached joblib-1.5.1-py3-none-any.whl.metadata (5.6 kB)\nCollecting threadpoolctl>=3.1.0 (from scikit-learn)\n  Using cached threadpoolctl-3.6.0-py3-none-any.whl.metadata (13 kB)\nUsing cached scikit_learn-1.7.0-cp313-cp313-win_amd64.whl (10.7 MB)\nUsing cached joblib-1.5.1-py3-none-any.whl (307 kB)\nUsing cached numpy-2.3.0-cp313-cp313-win_amd64.whl (12.7 MB)\nUsing cached scipy-1.15.3-cp313-cp313-win_amd64.whl (41.0 MB)\nUsing cached threadpoolctl-3.6.0-py3-none-any.whl (18 kB)\nInstalling collected packages: threadpoolctl, numpy, joblib, scipy, scikit-learn\n\nSuccessfully installed joblib-1.5.1 numpy-2.3.0 scikit-learn-1.7.0 scipy-1.15.3 threadpoolctl-3.6.0\nUsing virtual environment \"C:/Users/runneradmin/Documents/.virtualenvs/r-reticulate\" ...\n+ \"C:/Users/runneradmin/Documents/.virtualenvs/r-reticulate/Scripts/python.exe\" -m pip install --upgrade --no-user --ignore-installed nnetsauce\nCollecting nnetsauce\n  Downloading nnetsauce-0.35.6-py3-none-any.whl.metadata (1000 bytes)\nCollecting joblib (from nnetsauce)\n  Using cached joblib-1.5.1-py3-none-any.whl.metadata (5.6 kB)\nCollecting matplotlib (from nnetsauce)\n  Downloading matplotlib-3.10.3-cp313-cp313-win_amd64.whl.metadata (11 kB)\nCollecting numpy (from nnetsauce)\n  Using cached numpy-2.3.0-cp313-cp313-win_amd64.whl.metadata (60 kB)\nCollecting pandas (from nnetsauce)\n  Downloading pandas-2.3.0-cp313-cp313-win_amd64.whl.metadata (19 kB)\nCollecting requests (from nnetsauce)\n  Using cached requests-2.32.4-py3-none-any.whl.metadata (4.9 kB)\nCollecting scipy (from nnetsauce)\n  Using cached scipy-1.15.3-cp313-cp313-win_amd64.whl.metadata (60 kB)\nCollecting scikit-learn (from nnetsauce)\n  Using cached scikit_learn-1.7.0-cp313-cp313-win_amd64.whl.metadata (14 kB)\nCollecting statsmodels (from nnetsauce)\n  Downloading statsmodels-0.14.4-cp313-cp313-win_amd64.whl.metadata (9.5 kB)\nCollecting threadpoolctl (from nnetsauce)\n  Using cached threadpoolctl-3.6.0-py3-none-any.whl.metadata (13 kB)\nCollecting tqdm (from nnetsauce)\n  Downloading tqdm-4.67.1-py3-none-any.whl.metadata (57 kB)\nCollecting contourpy>=1.0.1 (from matplotlib->nnetsauce)\n  Downloading contourpy-1.3.2-cp313-cp313-win_amd64.whl.metadata (5.5 kB)\nCollecting cycler>=0.10 (from matplotlib->nnetsauce)\n  Downloading cycler-0.12.1-py3-none-any.whl.metadata (3.8 kB)\nCollecting fonttools>=4.22.0 (from matplotlib->nnetsauce)\n  Downloading fonttools-4.58.4-cp313-cp313-win_amd64.whl.metadata (108 kB)\nCollecting kiwisolver>=1.3.1 (from matplotlib->nnetsauce)\n  Downloading kiwisolver-1.4.8-cp313-cp313-win_amd64.whl.metadata (6.3 kB)\nCollecting packaging>=20.0 (from matplotlib->nnetsauce)\n  Downloading packaging-25.0-py3-none-any.whl.metadata (3.3 kB)\nCollecting pillow>=8 (from matplotlib->nnetsauce)\n  Downloading pillow-11.2.1-cp313-cp313-win_amd64.whl.metadata (9.1 kB)\nCollecting pyparsing>=2.3.1 (from matplotlib->nnetsauce)\n  Downloading pyparsing-3.2.3-py3-none-any.whl.metadata (5.0 kB)\nCollecting python-dateutil>=2.7 (from matplotlib->nnetsauce)\n  Downloading python_dateutil-2.9.0.post0-py2.py3-none-any.whl.metadata (8.4 kB)\nCollecting six>=1.5 (from python-dateutil>=2.7->matplotlib->nnetsauce)\n  Downloading six-1.17.0-py2.py3-none-any.whl.metadata (1.7 kB)\nCollecting pytz>=2020.1 (from pandas->nnetsauce)\n  Downloading pytz-2025.2-py2.py3-none-any.whl.metadata (22 kB)\nCollecting tzdata>=2022.7 (from pandas->nnetsauce)\n  Downloading tzdata-2025.2-py2.py3-none-any.whl.metadata (1.4 kB)\nCollecting charset_normalizer<4,>=2 (from requests->nnetsauce)\n  Downloading charset_normalizer-3.4.2-cp313-cp313-win_amd64.whl.metadata (36 kB)\nCollecting idna<4,>=2.5 (from requests->nnetsauce)\n  Using cached idna-3.10-py3-none-any.whl.metadata (10 kB)\nCollecting urllib3<3,>=1.21.1 (from requests->nnetsauce)\n  Using cached urllib3-2.4.0-py3-none-any.whl.metadata (6.5 kB)\nCollecting certifi>=2017.4.17 (from requests->nnetsauce)\n  Using cached certifi-2025.6.15-py3-none-any.whl.metadata (2.4 kB)\nCollecting patsy>=0.5.6 (from statsmodels->nnetsauce)\n  Downloading patsy-1.0.1-py2.py3-none-any.whl.metadata (3.3 kB)\nCollecting colorama (from tqdm->nnetsauce)\n  Downloading colorama-0.4.6-py2.py3-none-any.whl.metadata (17 kB)\nDownloading nnetsauce-0.35.6-py3-none-any.whl (203 kB)\nUsing cached joblib-1.5.1-py3-none-any.whl (307 kB)\nDownloading matplotlib-3.10.3-cp313-cp313-win_amd64.whl (8.1 MB)\n   ---------------------------------------- 8.1/8.1 MB 111.0 MB/s eta 0:00:00\nDownloading contourpy-1.3.2-cp313-cp313-win_amd64.whl (223 kB)\nDownloading cycler-0.12.1-py3-none-any.whl (8.3 kB)\nDownloading fonttools-4.58.4-cp313-cp313-win_amd64.whl (2.2 MB)\n   ---------------------------------------- 2.2/2.2 MB 81.4 MB/s eta 0:00:00\nDownloading kiwisolver-1.4.8-cp313-cp313-win_amd64.whl (71 kB)\nUsing cached numpy-2.3.0-cp313-cp313-win_amd64.whl (12.7 MB)\nDownloading packaging-25.0-py3-none-any.whl (66 kB)\nDownloading pillow-11.2.1-cp313-cp313-win_amd64.whl (2.7 MB)\n   ---------------------------------------- 2.7/2.7 MB 80.3 MB/s eta 0:00:00\nDownloading pyparsing-3.2.3-py3-none-any.whl (111 kB)\nDownloading python_dateutil-2.9.0.post0-py2.py3-none-any.whl (229 kB)\nDownloading six-1.17.0-py2.py3-none-any.whl (11 kB)\nDownloading pandas-2.3.0-cp313-cp313-win_amd64.whl (11.0 MB)\n   ---------------------------------------- 11.0/11.0 MB 138.0 MB/s eta 0:00:00\nDownloading pytz-2025.2-py2.py3-none-any.whl (509 kB)\nDownloading tzdata-2025.2-py2.py3-none-any.whl (347 kB)\nUsing cached requests-2.32.4-py3-none-any.whl (64 kB)\nDownloading charset_normalizer-3.4.2-cp313-cp313-win_amd64.whl (105 kB)\nUsing cached idna-3.10-py3-none-any.whl (70 kB)\nUsing cached urllib3-2.4.0-py3-none-any.whl (128 kB)\nUsing cached certifi-2025.6.15-py3-none-any.whl (157 kB)\nUsing cached scikit_learn-1.7.0-cp313-cp313-win_amd64.whl (10.7 MB)\nUsing cached scipy-1.15.3-cp313-cp313-win_amd64.whl (41.0 MB)\nUsing cached threadpoolctl-3.6.0-py3-none-any.whl (18 kB)\nDownloading statsmodels-0.14.4-cp313-cp313-win_amd64.whl (9.8 MB)\n   ---------------------------------------- 9.8/9.8 MB 117.0 MB/s eta 0:00:00\nDownloading patsy-1.0.1-py2.py3-none-any.whl (232 kB)\nDownloading tqdm-4.67.1-py3-none-any.whl (78 kB)\nDownloading colorama-0.4.6-py2.py3-none-any.whl (25 kB)\nInstalling collected packages: pytz, urllib3, tzdata, threadpoolctl, six, pyparsing, pillow, packaging, numpy, kiwisolver, joblib, idna, fonttools, cycler, colorama, charset_normalizer, certifi, tqdm, scipy, requests, python-dateutil, patsy, contourpy, scikit-learn, pandas, matplotlib, statsmodels, nnetsauce\n\nSuccessfully installed certifi-2025.6.15 charset_normalizer-3.4.2 colorama-0.4.6 contourpy-1.3.2 cycler-0.12.1 fonttools-4.58.4 idna-3.10 joblib-1.5.1 kiwisolver-1.4.8 matplotlib-3.10.3 nnetsauce-0.35.6 numpy-2.3.0 packaging-25.0 pandas-2.3.0 patsy-1.0.1 pillow-11.2.1 pyparsing-3.2.3 python-dateutil-2.9.0.post0 pytz-2025.2 requests-2.32.4 scikit-learn-1.7.0 scipy-1.15.3 six-1.17.0 statsmodels-0.14.4 threadpoolctl-3.6.0 tqdm-4.67.1 tzdata-2025.2 urllib3-2.4.0\nUsing virtual environment \"C:/Users/runneradmin/Documents/.virtualenvs/r-reticulate\" ...\n+ \"C:/Users/runneradmin/Documents/.virtualenvs/r-reticulate/Scripts/python.exe\" -m pip install --upgrade --no-user --ignore-installed numpy\nCollecting numpy\n  Using cached numpy-2.3.0-cp313-cp313-win_amd64.whl.metadata (60 kB)\nUsing cached numpy-2.3.0-cp313-cp313-win_amd64.whl (12.7 MB)\nInstalling collected packages: numpy\nSuccessfully installed numpy-2.3.0\nUsing virtual environment \"C:/Users/runneradmin/Documents/.virtualenvs/r-reticulate\" ...\n+ \"C:/Users/runneradmin/Documents/.virtualenvs/r-reticulate/Scripts/python.exe\" -m pip install --upgrade --no-user --ignore-installed pandas\nCollecting pandas\n  Using cached pandas-2.3.0-cp313-cp313-win_amd64.whl.metadata (19 kB)\nCollecting numpy>=1.26.0 (from pandas)\n  Using cached numpy-2.3.0-cp313-cp313-win_amd64.whl.metadata (60 kB)\nCollecting python-dateutil>=2.8.2 (from pandas)\n  Using cached python_dateutil-2.9.0.post0-py2.py3-none-any.whl.metadata (8.4 kB)\nCollecting pytz>=2020.1 (from pandas)\n  Using cached pytz-2025.2-py2.py3-none-any.whl.metadata (22 kB)\nCollecting tzdata>=2022.7 (from pandas)\n  Using cached tzdata-2025.2-py2.py3-none-any.whl.metadata (1.4 kB)\nCollecting six>=1.5 (from python-dateutil>=2.8.2->pandas)\n  Using cached six-1.17.0-py2.py3-none-any.whl.metadata (1.7 kB)\nUsing cached pandas-2.3.0-cp313-cp313-win_amd64.whl (11.0 MB)\nUsing cached numpy-2.3.0-cp313-cp313-win_amd64.whl (12.7 MB)\nUsing cached python_dateutil-2.9.0.post0-py2.py3-none-any.whl (229 kB)\nUsing cached pytz-2025.2-py2.py3-none-any.whl (509 kB)\nUsing cached six-1.17.0-py2.py3-none-any.whl (11 kB)\nUsing cached tzdata-2025.2-py2.py3-none-any.whl (347 kB)\nInstalling collected packages: pytz, tzdata, six, numpy, python-dateutil, pandas\n\nSuccessfully installed numpy-2.3.0 pandas-2.3.0 python-dateutil-2.9.0.post0 pytz-2025.2 six-1.17.0 tzdata-2025.2\nImporting sklearn...\n** testing if installed package can be loaded from final location\nCreating Python virtual environment...\nInstalling sklearn from r-reticulate...\nUsing virtual environment \"C:/Users/runneradmin/Documents/.virtualenvs/r-reticulate\" ...\n+ \"C:/Users/runneradmin/Documents/.virtualenvs/r-reticulate/Scripts/python.exe\" -m pip install --upgrade --no-user --ignore-installed scikit-learn\nCollecting scikit-learn\n  Using cached scikit_learn-1.7.0-cp313-cp313-win_amd64.whl.metadata (14 kB)\nCollecting numpy>=1.22.0 (from scikit-learn)\n  Using cached numpy-2.3.0-cp313-cp313-win_amd64.whl.metadata (60 kB)\nCollecting scipy>=1.8.0 (from scikit-learn)\n  Using cached scipy-1.15.3-cp313-cp313-win_amd64.whl.metadata (60 kB)\nCollecting joblib>=1.2.0 (from scikit-learn)\n  Using cached joblib-1.5.1-py3-none-any.whl.metadata (5.6 kB)\nCollecting threadpoolctl>=3.1.0 (from scikit-learn)\n  Using cached threadpoolctl-3.6.0-py3-none-any.whl.metadata (13 kB)\nUsing cached scikit_learn-1.7.0-cp313-cp313-win_amd64.whl (10.7 MB)\nUsing cached joblib-1.5.1-py3-none-any.whl (307 kB)\nUsing cached numpy-2.3.0-cp313-cp313-win_amd64.whl (12.7 MB)\nUsing cached scipy-1.15.3-cp313-cp313-win_amd64.whl (41.0 MB)\nUsing cached threadpoolctl-3.6.0-py3-none-any.whl (18 kB)\nInstalling collected packages: threadpoolctl, numpy, joblib, scipy, scikit-learn\n\nSuccessfully installed joblib-1.5.1 numpy-2.3.0 scikit-learn-1.7.0 scipy-1.15.3 threadpoolctl-3.6.0\nUsing virtual environment \"C:/Users/runneradmin/Documents/.virtualenvs/r-reticulate\" ...\n+ \"C:/Users/runneradmin/Documents/.virtualenvs/r-reticulate/Scripts/python.exe\" -m pip install --upgrade --no-user --ignore-installed nnetsauce\nCollecting nnetsauce\n  Using cached nnetsauce-0.35.6-py3-none-any.whl.metadata (1000 bytes)\nCollecting joblib (from nnetsauce)\n  Using cached joblib-1.5.1-py3-none-any.whl.metadata (5.6 kB)\nCollecting matplotlib (from nnetsauce)\n  Using cached matplotlib-3.10.3-cp313-cp313-win_amd64.whl.metadata (11 kB)\nCollecting numpy (from nnetsauce)\n  Using cached numpy-2.3.0-cp313-cp313-win_amd64.whl.metadata (60 kB)\nCollecting pandas (from nnetsauce)\n  Using cached pandas-2.3.0-cp313-cp313-win_amd64.whl.metadata (19 kB)\nCollecting requests (from nnetsauce)\n  Using cached requests-2.32.4-py3-none-any.whl.metadata (4.9 kB)\nCollecting scipy (from nnetsauce)\n  Using cached scipy-1.15.3-cp313-cp313-win_amd64.whl.metadata (60 kB)\nCollecting scikit-learn (from nnetsauce)\n  Using cached scikit_learn-1.7.0-cp313-cp313-win_amd64.whl.metadata (14 kB)\nCollecting statsmodels (from nnetsauce)\n  Using cached statsmodels-0.14.4-cp313-cp313-win_amd64.whl.metadata (9.5 kB)\nCollecting threadpoolctl (from nnetsauce)\n  Using cached threadpoolctl-3.6.0-py3-none-any.whl.metadata (13 kB)\nCollecting tqdm (from nnetsauce)\n  Using cached tqdm-4.67.1-py3-none-any.whl.metadata (57 kB)\nCollecting contourpy>=1.0.1 (from matplotlib->nnetsauce)\n  Using cached contourpy-1.3.2-cp313-cp313-win_amd64.whl.metadata (5.5 kB)\nCollecting cycler>=0.10 (from matplotlib->nnetsauce)\n  Using cached cycler-0.12.1-py3-none-any.whl.metadata (3.8 kB)\nCollecting fonttools>=4.22.0 (from matplotlib->nnetsauce)\n  Using cached fonttools-4.58.4-cp313-cp313-win_amd64.whl.metadata (108 kB)\nCollecting kiwisolver>=1.3.1 (from matplotlib->nnetsauce)\n  Using cached kiwisolver-1.4.8-cp313-cp313-win_amd64.whl.metadata (6.3 kB)\nCollecting packaging>=20.0 (from matplotlib->nnetsauce)\n  Using cached packaging-25.0-py3-none-any.whl.metadata (3.3 kB)\nCollecting pillow>=8 (from matplotlib->nnetsauce)\n  Using cached pillow-11.2.1-cp313-cp313-win_amd64.whl.metadata (9.1 kB)\nCollecting pyparsing>=2.3.1 (from matplotlib->nnetsauce)\n  Using cached pyparsing-3.2.3-py3-none-any.whl.metadata (5.0 kB)\nCollecting python-dateutil>=2.7 (from matplotlib->nnetsauce)\n  Using cached python_dateutil-2.9.0.post0-py2.py3-none-any.whl.metadata (8.4 kB)\nCollecting six>=1.5 (from python-dateutil>=2.7->matplotlib->nnetsauce)\n  Using cached six-1.17.0-py2.py3-none-any.whl.metadata (1.7 kB)\nCollecting pytz>=2020.1 (from pandas->nnetsauce)\n  Using cached pytz-2025.2-py2.py3-none-any.whl.metadata (22 kB)\nCollecting tzdata>=2022.7 (from pandas->nnetsauce)\n  Using cached tzdata-2025.2-py2.py3-none-any.whl.metadata (1.4 kB)\nCollecting charset_normalizer<4,>=2 (from requests->nnetsauce)\n  Using cached charset_normalizer-3.4.2-cp313-cp313-win_amd64.whl.metadata (36 kB)\nCollecting idna<4,>=2.5 (from requests->nnetsauce)\n  Using cached idna-3.10-py3-none-any.whl.metadata (10 kB)\nCollecting urllib3<3,>=1.21.1 (from requests->nnetsauce)\n  Using cached urllib3-2.4.0-py3-none-any.whl.metadata (6.5 kB)\nCollecting certifi>=2017.4.17 (from requests->nnetsauce)\n  Using cached certifi-2025.6.15-py3-none-any.whl.metadata (2.4 kB)\nCollecting patsy>=0.5.6 (from statsmodels->nnetsauce)\n  Using cached patsy-1.0.1-py2.py3-none-any.whl.metadata (3.3 kB)\nCollecting colorama (from tqdm->nnetsauce)\n  Using cached colorama-0.4.6-py2.py3-none-any.whl.metadata (17 kB)\nUsing cached nnetsauce-0.35.6-py3-none-any.whl (203 kB)\nUsing cached joblib-1.5.1-py3-none-any.whl (307 kB)\nUsing cached matplotlib-3.10.3-cp313-cp313-win_amd64.whl (8.1 MB)\nUsing cached contourpy-1.3.2-cp313-cp313-win_amd64.whl (223 kB)\nUsing cached cycler-0.12.1-py3-none-any.whl (8.3 kB)\nUsing cached fonttools-4.58.4-cp313-cp313-win_amd64.whl (2.2 MB)\nUsing cached kiwisolver-1.4.8-cp313-cp313-win_amd64.whl (71 kB)\nUsing cached numpy-2.3.0-cp313-cp313-win_amd64.whl (12.7 MB)\nUsing cached packaging-25.0-py3-none-any.whl (66 kB)\nUsing cached pillow-11.2.1-cp313-cp313-win_amd64.whl (2.7 MB)\nUsing cached pyparsing-3.2.3-py3-none-any.whl (111 kB)\nUsing cached python_dateutil-2.9.0.post0-py2.py3-none-any.whl (229 kB)\nUsing cached six-1.17.0-py2.py3-none-any.whl (11 kB)\nUsing cached pandas-2.3.0-cp313-cp313-win_amd64.whl (11.0 MB)\nUsing cached pytz-2025.2-py2.py3-none-any.whl (509 kB)\nUsing cached tzdata-2025.2-py2.py3-none-any.whl (347 kB)\nUsing cached requests-2.32.4-py3-none-any.whl (64 kB)\nUsing cached charset_normalizer-3.4.2-cp313-cp313-win_amd64.whl (105 kB)\nUsing cached idna-3.10-py3-none-any.whl (70 kB)\nUsing cached urllib3-2.4.0-py3-none-any.whl (128 kB)\nUsing cached certifi-2025.6.15-py3-none-any.whl (157 kB)\nUsing cached scikit_learn-1.7.0-cp313-cp313-win_amd64.whl (10.7 MB)\nUsing cached scipy-1.15.3-cp313-cp313-win_amd64.whl (41.0 MB)\nUsing cached threadpoolctl-3.6.0-py3-none-any.whl (18 kB)\nUsing cached statsmodels-0.14.4-cp313-cp313-win_amd64.whl (9.8 MB)\nUsing cached patsy-1.0.1-py2.py3-none-any.whl (232 kB)\nUsing cached tqdm-4.67.1-py3-none-any.whl (78 kB)\nUsing cached colorama-0.4.6-py2.py3-none-any.whl (25 kB)\nInstalling collected packages: pytz, urllib3, tzdata, threadpoolctl, six, pyparsing, pillow, packaging, numpy, kiwisolver, joblib, idna, fonttools, cycler, colorama, charset_normalizer, certifi, tqdm, scipy, requests, python-dateutil, patsy, contourpy, scikit-learn, pandas, matplotlib, statsmodels, nnetsauce\n\nSuccessfully installed certifi-2025.6.15 charset_normalizer-3.4.2 colorama-0.4.6 contourpy-1.3.2 cycler-0.12.1 fonttools-4.58.4 idna-3.10 joblib-1.5.1 kiwisolver-1.4.8 matplotlib-3.10.3 nnetsauce-0.35.6 numpy-2.3.0 packaging-25.0 pandas-2.3.0 patsy-1.0.1 pillow-11.2.1 pyparsing-3.2.3 python-dateutil-2.9.0.post0 pytz-2025.2 requests-2.32.4 scikit-learn-1.7.0 scipy-1.15.3 six-1.17.0 statsmodels-0.14.4 threadpoolctl-3.6.0 tqdm-4.67.1 tzdata-2025.2 urllib3-2.4.0\nUsing virtual environment \"C:/Users/runneradmin/Documents/.virtualenvs/r-reticulate\" ...\n+ \"C:/Users/runneradmin/Documents/.virtualenvs/r-reticulate/Scripts/python.exe\" -m pip install --upgrade --no-user --ignore-installed numpy\nCollecting numpy\n  Using cached numpy-2.3.0-cp313-cp313-win_amd64.whl.metadata (60 kB)\nUsing cached numpy-2.3.0-cp313-cp313-win_amd64.whl (12.7 MB)\nInstalling collected packages: numpy\nSuccessfully installed numpy-2.3.0\nUsing virtual environment \"C:/Users/runneradmin/Documents/.virtualenvs/r-reticulate\" ...\n+ \"C:/Users/runneradmin/Documents/.virtualenvs/r-reticulate/Scripts/python.exe\" -m pip install --upgrade --no-user --ignore-installed pandas\nCollecting pandas\n  Using cached pandas-2.3.0-cp313-cp313-win_amd64.whl.metadata (19 kB)\nCollecting numpy>=1.26.0 (from pandas)\n  Using cached numpy-2.3.0-cp313-cp313-win_amd64.whl.metadata (60 kB)\nCollecting python-dateutil>=2.8.2 (from pandas)\n  Using cached python_dateutil-2.9.0.post0-py2.py3-none-any.whl.metadata (8.4 kB)\nCollecting pytz>=2020.1 (from pandas)\n  Using cached pytz-2025.2-py2.py3-none-any.whl.metadata (22 kB)\nCollecting tzdata>=2022.7 (from pandas)\n  Using cached tzdata-2025.2-py2.py3-none-any.whl.metadata (1.4 kB)\nCollecting six>=1.5 (from python-dateutil>=2.8.2->pandas)\n  Using cached six-1.17.0-py2.py3-none-any.whl.metadata (1.7 kB)\nUsing cached pandas-2.3.0-cp313-cp313-win_amd64.whl (11.0 MB)\nUsing cached numpy-2.3.0-cp313-cp313-win_amd64.whl (12.7 MB)\nUsing cached python_dateutil-2.9.0.post0-py2.py3-none-any.whl (229 kB)\nUsing cached pytz-2025.2-py2.py3-none-any.whl (509 kB)\nUsing cached six-1.17.0-py2.py3-none-any.whl (11 kB)\nUsing cached tzdata-2025.2-py2.py3-none-any.whl (347 kB)\nInstalling collected packages: pytz, tzdata, six, numpy, python-dateutil, pandas\n\nSuccessfully installed numpy-2.3.0 pandas-2.3.0 python-dateutil-2.9.0.post0 pytz-2025.2 six-1.17.0 tzdata-2025.2\nImporting sklearn...\n** testing if installed package keeps a record of temporary installation path\n* MD5 sums\npackaged installation of 'nnetsauce' as nnetsauce_0.31.1.zip\n* DONE (nnetsauce)",
      "build_time": "2025-06-17 20:27:36"
    },
    "rvfl": {
      "package": "rvfl",
      "status": "SUCCESS",
      "error_message": {},
      "build_output": "* installing to library 'D:/a/_temp/Library'\n* installing *source* package 'rvfl' ...\n** this is package 'rvfl' version '0.1.0'\n** using staged installation\n** R\n** byte-compile and prepare package for lazy loading\n** help\n*** installing help indices\n** building package indices\n** installing vignettes\n** testing if installed package can be loaded from temporary location\n** testing if installed package can be loaded from final location\n** testing if installed package keeps a record of temporary installation path\n* MD5 sums\npackaged installation of 'rvfl' as rvfl_0.1.0.zip\n* DONE (rvfl)",
      "build_time": "2025-06-17 20:30:42"
    },
    "simulatetimeseries": {
      "package": "simulatetimeseries",
      "status": "SUCCESS",
      "error_message": {},
      "build_output": "* installing to library 'D:/a/_temp/Library'\n* installing *source* package 'simulatetimeseries' ...\n** this is package 'simulatetimeseries' version '0.2.0'\n** using staged installation\n** R\n** byte-compile and prepare package for lazy loading\n** help\n*** installing help indices\n** building package indices\n** installing vignettes\n** testing if installed package can be loaded from temporary location\n** testing if installed package can be loaded from final location\n** testing if installed package keeps a record of temporary installation path\n* MD5 sums\npackaged installation of 'simulatetimeseries' as simulatetimeseries_0.2.0.zip\n* DONE (simulatetimeseries)",
      "build_time": "2025-06-17 20:30:44"
    },
    "tisthemachinelearner": {
      "package": "tisthemachinelearner",
      "status": "FAILED",
      "error_message": "No binary package found after build",
      "build_output": "* installing to library 'D:/a/_temp/Library'\nERROR: dependency 'RcppProgress' is not available for package 'tisthemachinelearner'\nPerhaps try a variation of:\ninstall.packages('RcppProgress')\n* removing 'D:/a/_temp/Library/tisthemachinelearner'",
      "build_time": "2025-06-17 20:30:45"
    }
  }
}
